CRITICAL - 2022-06-22 01:04:29 --> Undefined property: App\Controllers\Psks::$ppksModel
#0 C:\xampp\htdocs\puskessoscgt\app\Controllers\Psks.php(80): CodeIgniter\Debug\Exceptions->errorHandler(8, 'Undefined prope...', 'C:\\xampp\\htdocs...', 80, Array)
#1 C:\xampp\htdocs\puskessoscgt\vendor\codeigniter4\framework\system\CodeIgniter.php(832): App\Controllers\Psks->import()
#2 C:\xampp\htdocs\puskessoscgt\vendor\codeigniter4\framework\system\CodeIgniter.php(419): CodeIgniter\CodeIgniter->runController(Object(App\Controllers\Psks))
#3 C:\xampp\htdocs\puskessoscgt\vendor\codeigniter4\framework\system\CodeIgniter.php(326): CodeIgniter\CodeIgniter->handleRequest(NULL, Object(Config\Cache), false)
#4 C:\xampp\htdocs\puskessoscgt\public\index.php(37): CodeIgniter\CodeIgniter->run()
#5 C:\xampp\htdocs\puskessoscgt\vendor\codeigniter4\framework\system\Commands\Server\rewrite.php(43): require_once('C:\\xampp\\htdocs...')
#6 {main}
CRITICAL - 2022-06-22 01:05:17 --> Undefined index: id_pks
#0 C:\xampp\htdocs\puskessoscgt\app\Controllers\Psks.php(84): CodeIgniter\Debug\Exceptions->errorHandler(8, 'Undefined index...', 'C:\\xampp\\htdocs...', 84, Array)
#1 C:\xampp\htdocs\puskessoscgt\vendor\codeigniter4\framework\system\CodeIgniter.php(832): App\Controllers\Psks->import()
#2 C:\xampp\htdocs\puskessoscgt\vendor\codeigniter4\framework\system\CodeIgniter.php(419): CodeIgniter\CodeIgniter->runController(Object(App\Controllers\Psks))
#3 C:\xampp\htdocs\puskessoscgt\vendor\codeigniter4\framework\system\CodeIgniter.php(326): CodeIgniter\CodeIgniter->handleRequest(NULL, Object(Config\Cache), false)
#4 C:\xampp\htdocs\puskessoscgt\public\index.php(37): CodeIgniter\CodeIgniter->run()
#5 C:\xampp\htdocs\puskessoscgt\vendor\codeigniter4\framework\system\Commands\Server\rewrite.php(43): require_once('C:\\xampp\\htdocs...')
#6 {main}
CRITICAL - 2022-06-22 01:10:58 --> Undefined index: id_pks
#0 C:\xampp\htdocs\puskessoscgt\app\Controllers\Psks.php(84): CodeIgniter\Debug\Exceptions->errorHandler(8, 'Undefined index...', 'C:\\xampp\\htdocs...', 84, Array)
#1 C:\xampp\htdocs\puskessoscgt\vendor\codeigniter4\framework\system\CodeIgniter.php(832): App\Controllers\Psks->import()
#2 C:\xampp\htdocs\puskessoscgt\vendor\codeigniter4\framework\system\CodeIgniter.php(419): CodeIgniter\CodeIgniter->runController(Object(App\Controllers\Psks))
#3 C:\xampp\htdocs\puskessoscgt\vendor\codeigniter4\framework\system\CodeIgniter.php(326): CodeIgniter\CodeIgniter->handleRequest(NULL, Object(Config\Cache), false)
#4 C:\xampp\htdocs\puskessoscgt\public\index.php(37): CodeIgniter\CodeIgniter->run()
#5 C:\xampp\htdocs\puskessoscgt\vendor\codeigniter4\framework\system\Commands\Server\rewrite.php(43): require_once('C:\\xampp\\htdocs...')
#6 {main}
CRITICAL - 2022-06-22 01:15:22 --> Undefined index: id_psks
#0 C:\xampp\htdocs\puskessoscgt\app\Controllers\Psks.php(85): CodeIgniter\Debug\Exceptions->errorHandler(8, 'Undefined index...', 'C:\\xampp\\htdocs...', 85, Array)
#1 C:\xampp\htdocs\puskessoscgt\vendor\codeigniter4\framework\system\CodeIgniter.php(832): App\Controllers\Psks->import()
#2 C:\xampp\htdocs\puskessoscgt\vendor\codeigniter4\framework\system\CodeIgniter.php(419): CodeIgniter\CodeIgniter->runController(Object(App\Controllers\Psks))
#3 C:\xampp\htdocs\puskessoscgt\vendor\codeigniter4\framework\system\CodeIgniter.php(326): CodeIgniter\CodeIgniter->handleRequest(NULL, Object(Config\Cache), false)
#4 C:\xampp\htdocs\puskessoscgt\public\index.php(37): CodeIgniter\CodeIgniter->run()
#5 C:\xampp\htdocs\puskessoscgt\vendor\codeigniter4\framework\system\Commands\Server\rewrite.php(43): require_once('C:\\xampp\\htdocs...')
#6 {main}
CRITICAL - 2022-06-22 01:28:26 --> Undefined index: id_psks
#0 C:\xampp\htdocs\puskessoscgt\app\Controllers\Psks.php(85): CodeIgniter\Debug\Exceptions->errorHandler(8, 'Undefined index...', 'C:\\xampp\\htdocs...', 85, Array)
#1 C:\xampp\htdocs\puskessoscgt\vendor\codeigniter4\framework\system\CodeIgniter.php(832): App\Controllers\Psks->import()
#2 C:\xampp\htdocs\puskessoscgt\vendor\codeigniter4\framework\system\CodeIgniter.php(419): CodeIgniter\CodeIgniter->runController(Object(App\Controllers\Psks))
#3 C:\xampp\htdocs\puskessoscgt\vendor\codeigniter4\framework\system\CodeIgniter.php(326): CodeIgniter\CodeIgniter->handleRequest(NULL, Object(Config\Cache), false)
#4 C:\xampp\htdocs\puskessoscgt\public\index.php(37): CodeIgniter\CodeIgniter->run()
#5 C:\xampp\htdocs\puskessoscgt\vendor\codeigniter4\framework\system\Commands\Server\rewrite.php(43): require_once('C:\\xampp\\htdocs...')
#6 {main}
CRITICAL - 2022-06-22 01:29:34 --> Undefined index: id_psks
#0 C:\xampp\htdocs\puskessoscgt\app\Controllers\Psks.php(85): CodeIgniter\Debug\Exceptions->errorHandler(8, 'Undefined index...', 'C:\\xampp\\htdocs...', 85, Array)
#1 C:\xampp\htdocs\puskessoscgt\vendor\codeigniter4\framework\system\CodeIgniter.php(832): App\Controllers\Psks->import()
#2 C:\xampp\htdocs\puskessoscgt\vendor\codeigniter4\framework\system\CodeIgniter.php(419): CodeIgniter\CodeIgniter->runController(Object(App\Controllers\Psks))
#3 C:\xampp\htdocs\puskessoscgt\vendor\codeigniter4\framework\system\CodeIgniter.php(326): CodeIgniter\CodeIgniter->handleRequest(NULL, Object(Config\Cache), false)
#4 C:\xampp\htdocs\puskessoscgt\public\index.php(37): CodeIgniter\CodeIgniter->run()
#5 C:\xampp\htdocs\puskessoscgt\vendor\codeigniter4\framework\system\Commands\Server\rewrite.php(43): require_once('C:\\xampp\\htdocs...')
#6 {main}
CRITICAL - 2022-06-22 01:36:32 --> Trying to access array offset on value of type null
#0 C:\xampp\htdocs\puskessoscgt\app\Controllers\Psks.php(81): CodeIgniter\Debug\Exceptions->errorHandler(8, 'Trying to acces...', 'C:\\xampp\\htdocs...', 81, Array)
#1 C:\xampp\htdocs\puskessoscgt\vendor\codeigniter4\framework\system\CodeIgniter.php(832): App\Controllers\Psks->import()
#2 C:\xampp\htdocs\puskessoscgt\vendor\codeigniter4\framework\system\CodeIgniter.php(419): CodeIgniter\CodeIgniter->runController(Object(App\Controllers\Psks))
#3 C:\xampp\htdocs\puskessoscgt\vendor\codeigniter4\framework\system\CodeIgniter.php(326): CodeIgniter\CodeIgniter->handleRequest(NULL, Object(Config\Cache), false)
#4 C:\xampp\htdocs\puskessoscgt\public\index.php(37): CodeIgniter\CodeIgniter->run()
#5 C:\xampp\htdocs\puskessoscgt\vendor\codeigniter4\framework\system\Commands\Server\rewrite.php(43): require_once('C:\\xampp\\htdocs...')
#6 {main}
CRITICAL - 2022-06-22 01:38:44 --> Trying to access array offset on value of type null
#0 C:\xampp\htdocs\puskessoscgt\app\Controllers\Psks.php(81): CodeIgniter\Debug\Exceptions->errorHandler(8, 'Trying to acces...', 'C:\\xampp\\htdocs...', 81, Array)
#1 C:\xampp\htdocs\puskessoscgt\vendor\codeigniter4\framework\system\CodeIgniter.php(832): App\Controllers\Psks->import()
#2 C:\xampp\htdocs\puskessoscgt\vendor\codeigniter4\framework\system\CodeIgniter.php(419): CodeIgniter\CodeIgniter->runController(Object(App\Controllers\Psks))
#3 C:\xampp\htdocs\puskessoscgt\vendor\codeigniter4\framework\system\CodeIgniter.php(326): CodeIgniter\CodeIgniter->handleRequest(NULL, Object(Config\Cache), false)
#4 C:\xampp\htdocs\puskessoscgt\public\index.php(37): CodeIgniter\CodeIgniter->run()
#5 C:\xampp\htdocs\puskessoscgt\vendor\codeigniter4\framework\system\Commands\Server\rewrite.php(43): require_once('C:\\xampp\\htdocs...')
#6 {main}
CRITICAL - 2022-06-22 01:39:44 --> Trying to access array offset on value of type null
#0 C:\xampp\htdocs\puskessoscgt\app\Controllers\Psks.php(81): CodeIgniter\Debug\Exceptions->errorHandler(8, 'Trying to acces...', 'C:\\xampp\\htdocs...', 81, Array)
#1 C:\xampp\htdocs\puskessoscgt\vendor\codeigniter4\framework\system\CodeIgniter.php(832): App\Controllers\Psks->import()
#2 C:\xampp\htdocs\puskessoscgt\vendor\codeigniter4\framework\system\CodeIgniter.php(419): CodeIgniter\CodeIgniter->runController(Object(App\Controllers\Psks))
#3 C:\xampp\htdocs\puskessoscgt\vendor\codeigniter4\framework\system\CodeIgniter.php(326): CodeIgniter\CodeIgniter->handleRequest(NULL, Object(Config\Cache), false)
#4 C:\xampp\htdocs\puskessoscgt\public\index.php(37): CodeIgniter\CodeIgniter->run()
#5 C:\xampp\htdocs\puskessoscgt\vendor\codeigniter4\framework\system\Commands\Server\rewrite.php(43): require_once('C:\\xampp\\htdocs...')
#6 {main}
ERROR - 2022-06-22 02:13:32 --> Illegal parameter data types varchar and row for operation '='
CRITICAL - 2022-06-22 02:13:32 --> Illegal parameter data types varchar and row for operation '='
#0 C:\xampp\htdocs\puskessoscgt\vendor\codeigniter4\framework\system\Database\MySQLi\Connection.php(292): mysqli->query('SELECT *\nFROM `...', 0)
#1 C:\xampp\htdocs\puskessoscgt\vendor\codeigniter4\framework\system\Database\BaseConnection.php(670): CodeIgniter\Database\MySQLi\Connection->execute('SELECT *\nFROM `...')
#2 C:\xampp\htdocs\puskessoscgt\vendor\codeigniter4\framework\system\Database\BaseConnection.php(598): CodeIgniter\Database\BaseConnection->simpleQuery('SELECT *\nFROM `...')
#3 C:\xampp\htdocs\puskessoscgt\vendor\codeigniter4\framework\system\Database\BaseBuilder.php(1455): CodeIgniter\Database\BaseConnection->query('SELECT *\nFROM `...', Array, false)
#4 C:\xampp\htdocs\puskessoscgt\app\Models\PsksModel.php(54): CodeIgniter\Database\BaseBuilder->get()
#5 C:\xampp\htdocs\puskessoscgt\app\Controllers\Psks.php(83): App\Models\PsksModel->cekdata(Array)
#6 C:\xampp\htdocs\puskessoscgt\vendor\codeigniter4\framework\system\CodeIgniter.php(832): App\Controllers\Psks->import()
#7 C:\xampp\htdocs\puskessoscgt\vendor\codeigniter4\framework\system\CodeIgniter.php(419): CodeIgniter\CodeIgniter->runController(Object(App\Controllers\Psks))
#8 C:\xampp\htdocs\puskessoscgt\vendor\codeigniter4\framework\system\CodeIgniter.php(326): CodeIgniter\CodeIgniter->handleRequest(NULL, Object(Config\Cache), false)
#9 C:\xampp\htdocs\puskessoscgt\public\index.php(37): CodeIgniter\CodeIgniter->run()
#10 C:\xampp\htdocs\puskessoscgt\vendor\codeigniter4\framework\system\Commands\Server\rewrite.php(43): require_once('C:\\xampp\\htdocs...')
#11 {main}
ERROR - 2022-06-22 02:27:43 --> Unknown column 'id_psks' in 'where clause'
CRITICAL - 2022-06-22 02:27:43 --> Unknown column 'id_psks' in 'where clause'
#0 C:\xampp\htdocs\puskessoscgt\vendor\codeigniter4\framework\system\Database\MySQLi\Connection.php(292): mysqli->query('SELECT *\nFROM `...', 0)
#1 C:\xampp\htdocs\puskessoscgt\vendor\codeigniter4\framework\system\Database\BaseConnection.php(670): CodeIgniter\Database\MySQLi\Connection->execute('SELECT *\nFROM `...')
#2 C:\xampp\htdocs\puskessoscgt\vendor\codeigniter4\framework\system\Database\BaseConnection.php(598): CodeIgniter\Database\BaseConnection->simpleQuery('SELECT *\nFROM `...')
#3 C:\xampp\htdocs\puskessoscgt\vendor\codeigniter4\framework\system\Database\BaseBuilder.php(1455): CodeIgniter\Database\BaseConnection->query('SELECT *\nFROM `...', Array, false)
#4 C:\xampp\htdocs\puskessoscgt\app\Models\PpksModel.php(56): CodeIgniter\Database\BaseBuilder->get()
#5 C:\xampp\htdocs\puskessoscgt\app\Controllers\Ppks.php(82): App\Models\PpksModel->cekdata(Array)
#6 C:\xampp\htdocs\puskessoscgt\vendor\codeigniter4\framework\system\CodeIgniter.php(832): App\Controllers\Ppks->import()
#7 C:\xampp\htdocs\puskessoscgt\vendor\codeigniter4\framework\system\CodeIgniter.php(419): CodeIgniter\CodeIgniter->runController(Object(App\Controllers\Ppks))
#8 C:\xampp\htdocs\puskessoscgt\vendor\codeigniter4\framework\system\CodeIgniter.php(326): CodeIgniter\CodeIgniter->handleRequest(NULL, Object(Config\Cache), false)
#9 C:\xampp\htdocs\puskessoscgt\public\index.php(37): CodeIgniter\CodeIgniter->run()
#10 C:\xampp\htdocs\puskessoscgt\vendor\codeigniter4\framework\system\Commands\Server\rewrite.php(43): require_once('C:\\xampp\\htdocs...')
#11 {main}
CRITICAL - 2022-06-22 02:31:22 --> Undefined property: App\Controllers\Ppks::$psksModel
#0 C:\xampp\htdocs\puskessoscgt\app\Controllers\Ppks.php(82): CodeIgniter\Debug\Exceptions->errorHandler(8, 'Undefined prope...', 'C:\\xampp\\htdocs...', 82, Array)
#1 C:\xampp\htdocs\puskessoscgt\vendor\codeigniter4\framework\system\CodeIgniter.php(832): App\Controllers\Ppks->import()
#2 C:\xampp\htdocs\puskessoscgt\vendor\codeigniter4\framework\system\CodeIgniter.php(419): CodeIgniter\CodeIgniter->runController(Object(App\Controllers\Ppks))
#3 C:\xampp\htdocs\puskessoscgt\vendor\codeigniter4\framework\system\CodeIgniter.php(326): CodeIgniter\CodeIgniter->handleRequest(NULL, Object(Config\Cache), false)
#4 C:\xampp\htdocs\puskessoscgt\public\index.php(37): CodeIgniter\CodeIgniter->run()
#5 C:\xampp\htdocs\puskessoscgt\vendor\codeigniter4\framework\system\Commands\Server\rewrite.php(43): require_once('C:\\xampp\\htdocs...')
#6 {main}
CRITICAL - 2022-06-22 02:31:46 --> Undefined index: id_pmks
#0 C:\xampp\htdocs\puskessoscgt\app\Controllers\Ppks.php(86): CodeIgniter\Debug\Exceptions->errorHandler(8, 'Undefined index...', 'C:\\xampp\\htdocs...', 86, Array)
#1 C:\xampp\htdocs\puskessoscgt\vendor\codeigniter4\framework\system\CodeIgniter.php(832): App\Controllers\Ppks->import()
#2 C:\xampp\htdocs\puskessoscgt\vendor\codeigniter4\framework\system\CodeIgniter.php(419): CodeIgniter\CodeIgniter->runController(Object(App\Controllers\Ppks))
#3 C:\xampp\htdocs\puskessoscgt\vendor\codeigniter4\framework\system\CodeIgniter.php(326): CodeIgniter\CodeIgniter->handleRequest(NULL, Object(Config\Cache), false)
#4 C:\xampp\htdocs\puskessoscgt\public\index.php(37): CodeIgniter\CodeIgniter->run()
#5 C:\xampp\htdocs\puskessoscgt\vendor\codeigniter4\framework\system\Commands\Server\rewrite.php(43): require_once('C:\\xampp\\htdocs...')
#6 {main}
CRITICAL - 2022-06-22 09:39:44 --> Undefined index: id_pmks
#0 C:\xampp\htdocs\puskessoscgt\app\Views\ppks\data.php(55): CodeIgniter\Debug\Exceptions->errorHandler(8, 'Undefined index...', 'C:\\xampp\\htdocs...', 55, Array)
#1 C:\xampp\htdocs\puskessoscgt\vendor\codeigniter4\framework\system\View\View.php(210): include('C:\\xampp\\htdocs...')
#2 C:\xampp\htdocs\puskessoscgt\vendor\codeigniter4\framework\system\View\View.php(213): CodeIgniter\View\View->CodeIgniter\View\{closure}()
#3 C:\xampp\htdocs\puskessoscgt\vendor\codeigniter4\framework\system\Common.php(1089): CodeIgniter\View\View->render('ppks/data', Array, true)
#4 C:\xampp\htdocs\puskessoscgt\app\Controllers\Psks.php(284): view('ppks/data', Array)
#5 C:\xampp\htdocs\puskessoscgt\vendor\codeigniter4\framework\system\CodeIgniter.php(832): App\Controllers\Psks->data()
#6 C:\xampp\htdocs\puskessoscgt\vendor\codeigniter4\framework\system\CodeIgniter.php(419): CodeIgniter\CodeIgniter->runController(Object(App\Controllers\Psks))
#7 C:\xampp\htdocs\puskessoscgt\vendor\codeigniter4\framework\system\CodeIgniter.php(326): CodeIgniter\CodeIgniter->handleRequest(NULL, Object(Config\Cache), false)
#8 C:\xampp\htdocs\puskessoscgt\public\index.php(37): CodeIgniter\CodeIgniter->run()
#9 C:\xampp\htdocs\puskessoscgt\vendor\codeigniter4\framework\system\Commands\Server\rewrite.php(43): require_once('C:\\xampp\\htdocs...')
#10 {main}
CRITICAL - 2022-06-22 09:41:30 --> Undefined index: id_pmks
#0 C:\xampp\htdocs\puskessoscgt\app\Views\ppks\data.php(55): CodeIgniter\Debug\Exceptions->errorHandler(8, 'Undefined index...', 'C:\\xampp\\htdocs...', 55, Array)
#1 C:\xampp\htdocs\puskessoscgt\vendor\codeigniter4\framework\system\View\View.php(210): include('C:\\xampp\\htdocs...')
#2 C:\xampp\htdocs\puskessoscgt\vendor\codeigniter4\framework\system\View\View.php(213): CodeIgniter\View\View->CodeIgniter\View\{closure}()
#3 C:\xampp\htdocs\puskessoscgt\vendor\codeigniter4\framework\system\Common.php(1089): CodeIgniter\View\View->render('ppks/data', Array, true)
#4 C:\xampp\htdocs\puskessoscgt\app\Controllers\Psks.php(284): view('ppks/data', Array)
#5 C:\xampp\htdocs\puskessoscgt\vendor\codeigniter4\framework\system\CodeIgniter.php(832): App\Controllers\Psks->data()
#6 C:\xampp\htdocs\puskessoscgt\vendor\codeigniter4\framework\system\CodeIgniter.php(419): CodeIgniter\CodeIgniter->runController(Object(App\Controllers\Psks))
#7 C:\xampp\htdocs\puskessoscgt\vendor\codeigniter4\framework\system\CodeIgniter.php(326): CodeIgniter\CodeIgniter->handleRequest(NULL, Object(Config\Cache), false)
#8 C:\xampp\htdocs\puskessoscgt\public\index.php(37): CodeIgniter\CodeIgniter->run()
#9 C:\xampp\htdocs\puskessoscgt\vendor\codeigniter4\framework\system\Commands\Server\rewrite.php(43): require_once('C:\\xampp\\htdocs...')
#10 {main}
CRITICAL - 2022-06-22 09:41:32 --> Undefined index: id_pmks
#0 C:\xampp\htdocs\puskessoscgt\app\Views\ppks\data.php(55): CodeIgniter\Debug\Exceptions->errorHandler(8, 'Undefined index...', 'C:\\xampp\\htdocs...', 55, Array)
#1 C:\xampp\htdocs\puskessoscgt\vendor\codeigniter4\framework\system\View\View.php(210): include('C:\\xampp\\htdocs...')
#2 C:\xampp\htdocs\puskessoscgt\vendor\codeigniter4\framework\system\View\View.php(213): CodeIgniter\View\View->CodeIgniter\View\{closure}()
#3 C:\xampp\htdocs\puskessoscgt\vendor\codeigniter4\framework\system\Common.php(1089): CodeIgniter\View\View->render('ppks/data', Array, true)
#4 C:\xampp\htdocs\puskessoscgt\app\Controllers\Psks.php(284): view('ppks/data', Array)
#5 C:\xampp\htdocs\puskessoscgt\vendor\codeigniter4\framework\system\CodeIgniter.php(832): App\Controllers\Psks->data()
#6 C:\xampp\htdocs\puskessoscgt\vendor\codeigniter4\framework\system\CodeIgniter.php(419): CodeIgniter\CodeIgniter->runController(Object(App\Controllers\Psks))
#7 C:\xampp\htdocs\puskessoscgt\vendor\codeigniter4\framework\system\CodeIgniter.php(326): CodeIgniter\CodeIgniter->handleRequest(NULL, Object(Config\Cache), false)
#8 C:\xampp\htdocs\puskessoscgt\public\index.php(37): CodeIgniter\CodeIgniter->run()
#9 C:\xampp\htdocs\puskessoscgt\vendor\codeigniter4\framework\system\Commands\Server\rewrite.php(43): require_once('C:\\xampp\\htdocs...')
#10 {main}
CRITICAL - 2022-06-22 09:41:48 --> Undefined index: id_pmks
#0 C:\xampp\htdocs\puskessoscgt\app\Views\ppks\data.php(55): CodeIgniter\Debug\Exceptions->errorHandler(8, 'Undefined index...', 'C:\\xampp\\htdocs...', 55, Array)
#1 C:\xampp\htdocs\puskessoscgt\vendor\codeigniter4\framework\system\View\View.php(210): include('C:\\xampp\\htdocs...')
#2 C:\xampp\htdocs\puskessoscgt\vendor\codeigniter4\framework\system\View\View.php(213): CodeIgniter\View\View->CodeIgniter\View\{closure}()
#3 C:\xampp\htdocs\puskessoscgt\vendor\codeigniter4\framework\system\Common.php(1089): CodeIgniter\View\View->render('ppks/data', Array, true)
#4 C:\xampp\htdocs\puskessoscgt\app\Controllers\Psks.php(284): view('ppks/data', Array)
#5 C:\xampp\htdocs\puskessoscgt\vendor\codeigniter4\framework\system\CodeIgniter.php(832): App\Controllers\Psks->data()
#6 C:\xampp\htdocs\puskessoscgt\vendor\codeigniter4\framework\system\CodeIgniter.php(419): CodeIgniter\CodeIgniter->runController(Object(App\Controllers\Psks))
#7 C:\xampp\htdocs\puskessoscgt\vendor\codeigniter4\framework\system\CodeIgniter.php(326): CodeIgniter\CodeIgniter->handleRequest(NULL, Object(Config\Cache), false)
#8 C:\xampp\htdocs\puskessoscgt\public\index.php(37): CodeIgniter\CodeIgniter->run()
#9 C:\xampp\htdocs\puskessoscgt\vendor\codeigniter4\framework\system\Commands\Server\rewrite.php(43): require_once('C:\\xampp\\htdocs...')
#10 {main}
CRITICAL - 2022-06-22 09:43:22 --> Undefined index: id_pmks
#0 C:\xampp\htdocs\puskessoscgt\app\Views\ppks\data.php(55): CodeIgniter\Debug\Exceptions->errorHandler(8, 'Undefined index...', 'C:\\xampp\\htdocs...', 55, Array)
#1 C:\xampp\htdocs\puskessoscgt\vendor\codeigniter4\framework\system\View\View.php(210): include('C:\\xampp\\htdocs...')
#2 C:\xampp\htdocs\puskessoscgt\vendor\codeigniter4\framework\system\View\View.php(213): CodeIgniter\View\View->CodeIgniter\View\{closure}()
#3 C:\xampp\htdocs\puskessoscgt\vendor\codeigniter4\framework\system\Common.php(1089): CodeIgniter\View\View->render('ppks/data', Array, true)
#4 C:\xampp\htdocs\puskessoscgt\app\Controllers\Psks.php(284): view('ppks/data', Array)
#5 C:\xampp\htdocs\puskessoscgt\vendor\codeigniter4\framework\system\CodeIgniter.php(832): App\Controllers\Psks->data()
#6 C:\xampp\htdocs\puskessoscgt\vendor\codeigniter4\framework\system\CodeIgniter.php(419): CodeIgniter\CodeIgniter->runController(Object(App\Controllers\Psks))
#7 C:\xampp\htdocs\puskessoscgt\vendor\codeigniter4\framework\system\CodeIgniter.php(326): CodeIgniter\CodeIgniter->handleRequest(NULL, Object(Config\Cache), false)
#8 C:\xampp\htdocs\puskessoscgt\public\index.php(37): CodeIgniter\CodeIgniter->run()
#9 C:\xampp\htdocs\puskessoscgt\vendor\codeigniter4\framework\system\Commands\Server\rewrite.php(43): require_once('C:\\xampp\\htdocs...')
#10 {main}
CRITICAL - 2022-06-22 09:44:01 --> Undefined index: id_pmks
#0 C:\xampp\htdocs\puskessoscgt\app\Views\ppks\data.php(55): CodeIgniter\Debug\Exceptions->errorHandler(8, 'Undefined index...', 'C:\\xampp\\htdocs...', 55, Array)
#1 C:\xampp\htdocs\puskessoscgt\vendor\codeigniter4\framework\system\View\View.php(210): include('C:\\xampp\\htdocs...')
#2 C:\xampp\htdocs\puskessoscgt\vendor\codeigniter4\framework\system\View\View.php(213): CodeIgniter\View\View->CodeIgniter\View\{closure}()
#3 C:\xampp\htdocs\puskessoscgt\vendor\codeigniter4\framework\system\Common.php(1089): CodeIgniter\View\View->render('ppks/data', Array, true)
#4 C:\xampp\htdocs\puskessoscgt\app\Controllers\Psks.php(284): view('ppks/data', Array)
#5 C:\xampp\htdocs\puskessoscgt\vendor\codeigniter4\framework\system\CodeIgniter.php(832): App\Controllers\Psks->data()
#6 C:\xampp\htdocs\puskessoscgt\vendor\codeigniter4\framework\system\CodeIgniter.php(419): CodeIgniter\CodeIgniter->runController(Object(App\Controllers\Psks))
#7 C:\xampp\htdocs\puskessoscgt\vendor\codeigniter4\framework\system\CodeIgniter.php(326): CodeIgniter\CodeIgniter->handleRequest(NULL, Object(Config\Cache), false)
#8 C:\xampp\htdocs\puskessoscgt\public\index.php(37): CodeIgniter\CodeIgniter->run()
#9 C:\xampp\htdocs\puskessoscgt\vendor\codeigniter4\framework\system\Commands\Server\rewrite.php(43): require_once('C:\\xampp\\htdocs...')
#10 {main}
CRITICAL - 2022-06-22 09:44:02 --> Undefined index: id_pmks
#0 C:\xampp\htdocs\puskessoscgt\app\Views\ppks\data.php(55): CodeIgniter\Debug\Exceptions->errorHandler(8, 'Undefined index...', 'C:\\xampp\\htdocs...', 55, Array)
#1 C:\xampp\htdocs\puskessoscgt\vendor\codeigniter4\framework\system\View\View.php(210): include('C:\\xampp\\htdocs...')
#2 C:\xampp\htdocs\puskessoscgt\vendor\codeigniter4\framework\system\View\View.php(213): CodeIgniter\View\View->CodeIgniter\View\{closure}()
#3 C:\xampp\htdocs\puskessoscgt\vendor\codeigniter4\framework\system\Common.php(1089): CodeIgniter\View\View->render('ppks/data', Array, true)
#4 C:\xampp\htdocs\puskessoscgt\app\Controllers\Psks.php(284): view('ppks/data', Array)
#5 C:\xampp\htdocs\puskessoscgt\vendor\codeigniter4\framework\system\CodeIgniter.php(832): App\Controllers\Psks->data()
#6 C:\xampp\htdocs\puskessoscgt\vendor\codeigniter4\framework\system\CodeIgniter.php(419): CodeIgniter\CodeIgniter->runController(Object(App\Controllers\Psks))
#7 C:\xampp\htdocs\puskessoscgt\vendor\codeigniter4\framework\system\CodeIgniter.php(326): CodeIgniter\CodeIgniter->handleRequest(NULL, Object(Config\Cache), false)
#8 C:\xampp\htdocs\puskessoscgt\public\index.php(37): CodeIgniter\CodeIgniter->run()
#9 C:\xampp\htdocs\puskessoscgt\vendor\codeigniter4\framework\system\Commands\Server\rewrite.php(43): require_once('C:\\xampp\\htdocs...')
#10 {main}
CRITICAL - 2022-06-22 09:44:22 --> Undefined index: id_pmks
#0 C:\xampp\htdocs\puskessoscgt\app\Views\ppks\data.php(55): CodeIgniter\Debug\Exceptions->errorHandler(8, 'Undefined index...', 'C:\\xampp\\htdocs...', 55, Array)
#1 C:\xampp\htdocs\puskessoscgt\vendor\codeigniter4\framework\system\View\View.php(210): include('C:\\xampp\\htdocs...')
#2 C:\xampp\htdocs\puskessoscgt\vendor\codeigniter4\framework\system\View\View.php(213): CodeIgniter\View\View->CodeIgniter\View\{closure}()
#3 C:\xampp\htdocs\puskessoscgt\vendor\codeigniter4\framework\system\Common.php(1089): CodeIgniter\View\View->render('ppks/data', Array, true)
#4 C:\xampp\htdocs\puskessoscgt\app\Controllers\Psks.php(284): view('ppks/data', Array)
#5 C:\xampp\htdocs\puskessoscgt\vendor\codeigniter4\framework\system\CodeIgniter.php(832): App\Controllers\Psks->data()
#6 C:\xampp\htdocs\puskessoscgt\vendor\codeigniter4\framework\system\CodeIgniter.php(419): CodeIgniter\CodeIgniter->runController(Object(App\Controllers\Psks))
#7 C:\xampp\htdocs\puskessoscgt\vendor\codeigniter4\framework\system\CodeIgniter.php(326): CodeIgniter\CodeIgniter->handleRequest(NULL, Object(Config\Cache), false)
#8 C:\xampp\htdocs\puskessoscgt\public\index.php(37): CodeIgniter\CodeIgniter->run()
#9 C:\xampp\htdocs\puskessoscgt\vendor\codeigniter4\framework\system\Commands\Server\rewrite.php(43): require_once('C:\\xampp\\htdocs...')
#10 {main}
CRITICAL - 2022-06-22 09:44:29 --> Undefined index: id_pmks
#0 C:\xampp\htdocs\puskessoscgt\app\Views\ppks\data.php(55): CodeIgniter\Debug\Exceptions->errorHandler(8, 'Undefined index...', 'C:\\xampp\\htdocs...', 55, Array)
#1 C:\xampp\htdocs\puskessoscgt\vendor\codeigniter4\framework\system\View\View.php(210): include('C:\\xampp\\htdocs...')
#2 C:\xampp\htdocs\puskessoscgt\vendor\codeigniter4\framework\system\View\View.php(213): CodeIgniter\View\View->CodeIgniter\View\{closure}()
#3 C:\xampp\htdocs\puskessoscgt\vendor\codeigniter4\framework\system\Common.php(1089): CodeIgniter\View\View->render('ppks/data', Array, true)
#4 C:\xampp\htdocs\puskessoscgt\app\Controllers\Psks.php(284): view('ppks/data', Array)
#5 C:\xampp\htdocs\puskessoscgt\vendor\codeigniter4\framework\system\CodeIgniter.php(832): App\Controllers\Psks->data()
#6 C:\xampp\htdocs\puskessoscgt\vendor\codeigniter4\framework\system\CodeIgniter.php(419): CodeIgniter\CodeIgniter->runController(Object(App\Controllers\Psks))
#7 C:\xampp\htdocs\puskessoscgt\vendor\codeigniter4\framework\system\CodeIgniter.php(326): CodeIgniter\CodeIgniter->handleRequest(NULL, Object(Config\Cache), false)
#8 C:\xampp\htdocs\puskessoscgt\public\index.php(37): CodeIgniter\CodeIgniter->run()
#9 C:\xampp\htdocs\puskessoscgt\vendor\codeigniter4\framework\system\Commands\Server\rewrite.php(43): require_once('C:\\xampp\\htdocs...')
#10 {main}
CRITICAL - 2022-06-22 09:44:52 --> Undefined index: id_pmks
#0 C:\xampp\htdocs\puskessoscgt\app\Views\ppks\data.php(55): CodeIgniter\Debug\Exceptions->errorHandler(8, 'Undefined index...', 'C:\\xampp\\htdocs...', 55, Array)
#1 C:\xampp\htdocs\puskessoscgt\vendor\codeigniter4\framework\system\View\View.php(210): include('C:\\xampp\\htdocs...')
#2 C:\xampp\htdocs\puskessoscgt\vendor\codeigniter4\framework\system\View\View.php(213): CodeIgniter\View\View->CodeIgniter\View\{closure}()
#3 C:\xampp\htdocs\puskessoscgt\vendor\codeigniter4\framework\system\Common.php(1089): CodeIgniter\View\View->render('ppks/data', Array, true)
#4 C:\xampp\htdocs\puskessoscgt\app\Controllers\Psks.php(284): view('ppks/data', Array)
#5 C:\xampp\htdocs\puskessoscgt\vendor\codeigniter4\framework\system\CodeIgniter.php(832): App\Controllers\Psks->data()
#6 C:\xampp\htdocs\puskessoscgt\vendor\codeigniter4\framework\system\CodeIgniter.php(419): CodeIgniter\CodeIgniter->runController(Object(App\Controllers\Psks))
#7 C:\xampp\htdocs\puskessoscgt\vendor\codeigniter4\framework\system\CodeIgniter.php(326): CodeIgniter\CodeIgniter->handleRequest(NULL, Object(Config\Cache), false)
#8 C:\xampp\htdocs\puskessoscgt\public\index.php(37): CodeIgniter\CodeIgniter->run()
#9 C:\xampp\htdocs\puskessoscgt\vendor\codeigniter4\framework\system\Commands\Server\rewrite.php(43): require_once('C:\\xampp\\htdocs...')
#10 {main}
CRITICAL - 2022-06-22 09:45:52 --> Undefined index: id_pmks
#0 C:\xampp\htdocs\puskessoscgt\app\Views\ppks\data.php(55): CodeIgniter\Debug\Exceptions->errorHandler(8, 'Undefined index...', 'C:\\xampp\\htdocs...', 55, Array)
#1 C:\xampp\htdocs\puskessoscgt\vendor\codeigniter4\framework\system\View\View.php(210): include('C:\\xampp\\htdocs...')
#2 C:\xampp\htdocs\puskessoscgt\vendor\codeigniter4\framework\system\View\View.php(213): CodeIgniter\View\View->CodeIgniter\View\{closure}()
#3 C:\xampp\htdocs\puskessoscgt\vendor\codeigniter4\framework\system\Common.php(1089): CodeIgniter\View\View->render('ppks/data', Array, true)
#4 C:\xampp\htdocs\puskessoscgt\app\Controllers\Psks.php(284): view('ppks/data', Array)
#5 C:\xampp\htdocs\puskessoscgt\vendor\codeigniter4\framework\system\CodeIgniter.php(832): App\Controllers\Psks->data()
#6 C:\xampp\htdocs\puskessoscgt\vendor\codeigniter4\framework\system\CodeIgniter.php(419): CodeIgniter\CodeIgniter->runController(Object(App\Controllers\Psks))
#7 C:\xampp\htdocs\puskessoscgt\vendor\codeigniter4\framework\system\CodeIgniter.php(326): CodeIgniter\CodeIgniter->handleRequest(NULL, Object(Config\Cache), false)
#8 C:\xampp\htdocs\puskessoscgt\public\index.php(37): CodeIgniter\CodeIgniter->run()
#9 C:\xampp\htdocs\puskessoscgt\vendor\codeigniter4\framework\system\Commands\Server\rewrite.php(43): require_once('C:\\xampp\\htdocs...')
#10 {main}
CRITICAL - 2022-06-22 09:52:59 --> Call to a member function findAll() on null
#0 C:\xampp\htdocs\puskessoscgt\vendor\codeigniter4\framework\system\CodeIgniter.php(832): App\Controllers\Psks->tampil()
#1 C:\xampp\htdocs\puskessoscgt\vendor\codeigniter4\framework\system\CodeIgniter.php(419): CodeIgniter\CodeIgniter->runController(Object(App\Controllers\Psks))
#2 C:\xampp\htdocs\puskessoscgt\vendor\codeigniter4\framework\system\CodeIgniter.php(326): CodeIgniter\CodeIgniter->handleRequest(NULL, Object(Config\Cache), false)
#3 C:\xampp\htdocs\puskessoscgt\public\index.php(37): CodeIgniter\CodeIgniter->run()
#4 C:\xampp\htdocs\puskessoscgt\vendor\codeigniter4\framework\system\Commands\Server\rewrite.php(43): require_once('C:\\xampp\\htdocs...')
#5 {main}
CRITICAL - 2022-06-22 09:55:45 --> Undefined property: stdClass::$id_ppks
#0 C:\xampp\htdocs\puskessoscgt\app\Views\psks\data.php(106): CodeIgniter\Debug\Exceptions->errorHandler(8, 'Undefined prope...', 'C:\\xampp\\htdocs...', 106, Array)
#1 C:\xampp\htdocs\puskessoscgt\vendor\codeigniter4\framework\system\View\View.php(210): include('C:\\xampp\\htdocs...')
#2 C:\xampp\htdocs\puskessoscgt\vendor\codeigniter4\framework\system\View\View.php(213): CodeIgniter\View\View->CodeIgniter\View\{closure}()
#3 C:\xampp\htdocs\puskessoscgt\vendor\codeigniter4\framework\system\Common.php(1089): CodeIgniter\View\View->render('psks/data', Array, true)
#4 C:\xampp\htdocs\puskessoscgt\app\Controllers\Psks.php(328): view('psks/data', Array)
#5 C:\xampp\htdocs\puskessoscgt\vendor\codeigniter4\framework\system\CodeIgniter.php(832): App\Controllers\Psks->tampil()
#6 C:\xampp\htdocs\puskessoscgt\vendor\codeigniter4\framework\system\CodeIgniter.php(419): CodeIgniter\CodeIgniter->runController(Object(App\Controllers\Psks))
#7 C:\xampp\htdocs\puskessoscgt\vendor\codeigniter4\framework\system\CodeIgniter.php(326): CodeIgniter\CodeIgniter->handleRequest(NULL, Object(Config\Cache), false)
#8 C:\xampp\htdocs\puskessoscgt\public\index.php(37): CodeIgniter\CodeIgniter->run()
#9 C:\xampp\htdocs\puskessoscgt\vendor\codeigniter4\framework\system\Commands\Server\rewrite.php(43): require_once('C:\\xampp\\htdocs...')
#10 {main}
CRITICAL - 2022-06-22 09:56:16 --> Undefined property: stdClass::$nama_pmks
#0 C:\xampp\htdocs\puskessoscgt\app\Views\psks\data.php(109): CodeIgniter\Debug\Exceptions->errorHandler(8, 'Undefined prope...', 'C:\\xampp\\htdocs...', 109, Array)
#1 C:\xampp\htdocs\puskessoscgt\vendor\codeigniter4\framework\system\View\View.php(210): include('C:\\xampp\\htdocs...')
#2 C:\xampp\htdocs\puskessoscgt\vendor\codeigniter4\framework\system\View\View.php(213): CodeIgniter\View\View->CodeIgniter\View\{closure}()
#3 C:\xampp\htdocs\puskessoscgt\vendor\codeigniter4\framework\system\Common.php(1089): CodeIgniter\View\View->render('psks/data', Array, true)
#4 C:\xampp\htdocs\puskessoscgt\app\Controllers\Psks.php(328): view('psks/data', Array)
#5 C:\xampp\htdocs\puskessoscgt\vendor\codeigniter4\framework\system\CodeIgniter.php(832): App\Controllers\Psks->tampil()
#6 C:\xampp\htdocs\puskessoscgt\vendor\codeigniter4\framework\system\CodeIgniter.php(419): CodeIgniter\CodeIgniter->runController(Object(App\Controllers\Psks))
#7 C:\xampp\htdocs\puskessoscgt\vendor\codeigniter4\framework\system\CodeIgniter.php(326): CodeIgniter\CodeIgniter->handleRequest(NULL, Object(Config\Cache), false)
#8 C:\xampp\htdocs\puskessoscgt\public\index.php(37): CodeIgniter\CodeIgniter->run()
#9 C:\xampp\htdocs\puskessoscgt\vendor\codeigniter4\framework\system\Commands\Server\rewrite.php(43): require_once('C:\\xampp\\htdocs...')
#10 {main}
CRITICAL - 2022-06-22 10:00:59 --> Undefined property: App\Controllers\Psks::$ppksModel
#0 C:\xampp\htdocs\puskessoscgt\app\Controllers\Psks.php(334): CodeIgniter\Debug\Exceptions->errorHandler(8, 'Undefined prope...', 'C:\\xampp\\htdocs...', 334, Array)
#1 C:\xampp\htdocs\puskessoscgt\vendor\codeigniter4\framework\system\CodeIgniter.php(832): App\Controllers\Psks->update()
#2 C:\xampp\htdocs\puskessoscgt\vendor\codeigniter4\framework\system\CodeIgniter.php(419): CodeIgniter\CodeIgniter->runController(Object(App\Controllers\Psks))
#3 C:\xampp\htdocs\puskessoscgt\vendor\codeigniter4\framework\system\CodeIgniter.php(326): CodeIgniter\CodeIgniter->handleRequest(NULL, Object(Config\Cache), false)
#4 C:\xampp\htdocs\puskessoscgt\public\index.php(37): CodeIgniter\CodeIgniter->run()
#5 C:\xampp\htdocs\puskessoscgt\vendor\codeigniter4\framework\system\Commands\Server\rewrite.php(43): require_once('C:\\xampp\\htdocs...')
#6 {main}
CRITICAL - 2022-06-22 11:03:39 --> Undefined index: nama_pmks
#0 C:\xampp\htdocs\puskessoscgt\app\Views\ppks\rekap.php(36): CodeIgniter\Debug\Exceptions->errorHandler(8, 'Undefined index...', 'C:\\xampp\\htdocs...', 36, Array)
#1 C:\xampp\htdocs\puskessoscgt\vendor\codeigniter4\framework\system\View\View.php(210): include('C:\\xampp\\htdocs...')
#2 C:\xampp\htdocs\puskessoscgt\vendor\codeigniter4\framework\system\View\View.php(213): CodeIgniter\View\View->CodeIgniter\View\{closure}()
#3 C:\xampp\htdocs\puskessoscgt\vendor\codeigniter4\framework\system\Common.php(1089): CodeIgniter\View\View->render('ppks/rekap', Array, true)
#4 C:\xampp\htdocs\puskessoscgt\app\Controllers\Psks.php(358): view('ppks/rekap', Array)
#5 C:\xampp\htdocs\puskessoscgt\vendor\codeigniter4\framework\system\CodeIgniter.php(832): App\Controllers\Psks->rekap()
#6 C:\xampp\htdocs\puskessoscgt\vendor\codeigniter4\framework\system\CodeIgniter.php(419): CodeIgniter\CodeIgniter->runController(Object(App\Controllers\Psks))
#7 C:\xampp\htdocs\puskessoscgt\vendor\codeigniter4\framework\system\CodeIgniter.php(326): CodeIgniter\CodeIgniter->handleRequest(NULL, Object(Config\Cache), false)
#8 C:\xampp\htdocs\puskessoscgt\public\index.php(37): CodeIgniter\CodeIgniter->run()
#9 C:\xampp\htdocs\puskessoscgt\vendor\codeigniter4\framework\system\Commands\Server\rewrite.php(43): require_once('C:\\xampp\\htdocs...')
#10 {main}
CRITICAL - 2022-06-22 11:03:52 --> Undefined index: nama_pmks
#0 C:\xampp\htdocs\puskessoscgt\app\Views\ppks\rekap.php(36): CodeIgniter\Debug\Exceptions->errorHandler(8, 'Undefined index...', 'C:\\xampp\\htdocs...', 36, Array)
#1 C:\xampp\htdocs\puskessoscgt\vendor\codeigniter4\framework\system\View\View.php(210): include('C:\\xampp\\htdocs...')
#2 C:\xampp\htdocs\puskessoscgt\vendor\codeigniter4\framework\system\View\View.php(213): CodeIgniter\View\View->CodeIgniter\View\{closure}()
#3 C:\xampp\htdocs\puskessoscgt\vendor\codeigniter4\framework\system\Common.php(1089): CodeIgniter\View\View->render('ppks/rekap', Array, true)
#4 C:\xampp\htdocs\puskessoscgt\app\Controllers\Psks.php(358): view('ppks/rekap', Array)
#5 C:\xampp\htdocs\puskessoscgt\vendor\codeigniter4\framework\system\CodeIgniter.php(832): App\Controllers\Psks->rekap()
#6 C:\xampp\htdocs\puskessoscgt\vendor\codeigniter4\framework\system\CodeIgniter.php(419): CodeIgniter\CodeIgniter->runController(Object(App\Controllers\Psks))
#7 C:\xampp\htdocs\puskessoscgt\vendor\codeigniter4\framework\system\CodeIgniter.php(326): CodeIgniter\CodeIgniter->handleRequest(NULL, Object(Config\Cache), false)
#8 C:\xampp\htdocs\puskessoscgt\public\index.php(37): CodeIgniter\CodeIgniter->run()
#9 C:\xampp\htdocs\puskessoscgt\vendor\codeigniter4\framework\system\Commands\Server\rewrite.php(43): require_once('C:\\xampp\\htdocs...')
#10 {main}
CRITICAL - 2022-06-22 11:03:54 --> Undefined index: nama_pmks
#0 C:\xampp\htdocs\puskessoscgt\app\Views\ppks\rekap.php(36): CodeIgniter\Debug\Exceptions->errorHandler(8, 'Undefined index...', 'C:\\xampp\\htdocs...', 36, Array)
#1 C:\xampp\htdocs\puskessoscgt\vendor\codeigniter4\framework\system\View\View.php(210): include('C:\\xampp\\htdocs...')
#2 C:\xampp\htdocs\puskessoscgt\vendor\codeigniter4\framework\system\View\View.php(213): CodeIgniter\View\View->CodeIgniter\View\{closure}()
#3 C:\xampp\htdocs\puskessoscgt\vendor\codeigniter4\framework\system\Common.php(1089): CodeIgniter\View\View->render('ppks/rekap', Array, true)
#4 C:\xampp\htdocs\puskessoscgt\app\Controllers\Psks.php(358): view('ppks/rekap', Array)
#5 C:\xampp\htdocs\puskessoscgt\vendor\codeigniter4\framework\system\CodeIgniter.php(832): App\Controllers\Psks->rekap()
#6 C:\xampp\htdocs\puskessoscgt\vendor\codeigniter4\framework\system\CodeIgniter.php(419): CodeIgniter\CodeIgniter->runController(Object(App\Controllers\Psks))
#7 C:\xampp\htdocs\puskessoscgt\vendor\codeigniter4\framework\system\CodeIgniter.php(326): CodeIgniter\CodeIgniter->handleRequest(NULL, Object(Config\Cache), false)
#8 C:\xampp\htdocs\puskessoscgt\public\index.php(37): CodeIgniter\CodeIgniter->run()
#9 C:\xampp\htdocs\puskessoscgt\vendor\codeigniter4\framework\system\Commands\Server\rewrite.php(43): require_once('C:\\xampp\\htdocs...')
#10 {main}
CRITICAL - 2022-06-22 11:20:05 --> Cannot use object of type stdClass as array
#0 C:\xampp\htdocs\puskessoscgt\vendor\codeigniter4\framework\system\View\View.php(210): include()
#1 C:\xampp\htdocs\puskessoscgt\vendor\codeigniter4\framework\system\View\View.php(213): CodeIgniter\View\View->CodeIgniter\View\{closure}()
#2 C:\xampp\htdocs\puskessoscgt\vendor\codeigniter4\framework\system\Common.php(1089): CodeIgniter\View\View->render('kis/DataUsulan', Array, true)
#3 C:\xampp\htdocs\puskessoscgt\app\Controllers\Kis.php(191): view('kis/DataUsulan', Array)
#4 C:\xampp\htdocs\puskessoscgt\vendor\codeigniter4\framework\system\CodeIgniter.php(832): App\Controllers\Kis->cek_usul()
#5 C:\xampp\htdocs\puskessoscgt\vendor\codeigniter4\framework\system\CodeIgniter.php(419): CodeIgniter\CodeIgniter->runController(Object(App\Controllers\Kis))
#6 C:\xampp\htdocs\puskessoscgt\vendor\codeigniter4\framework\system\CodeIgniter.php(326): CodeIgniter\CodeIgniter->handleRequest(NULL, Object(Config\Cache), false)
#7 C:\xampp\htdocs\puskessoscgt\public\index.php(37): CodeIgniter\CodeIgniter->run()
#8 C:\xampp\htdocs\puskessoscgt\vendor\codeigniter4\framework\system\Commands\Server\rewrite.php(43): require_once('C:\\xampp\\htdocs...')
#9 {main}
CRITICAL - 2022-06-22 11:20:55 --> Undefined property: stdClass::$tanggal
#0 C:\xampp\htdocs\puskessoscgt\app\Views\kis\DataUsulan.php(112): CodeIgniter\Debug\Exceptions->errorHandler(8, 'Undefined prope...', 'C:\\xampp\\htdocs...', 112, Array)
#1 C:\xampp\htdocs\puskessoscgt\vendor\codeigniter4\framework\system\View\View.php(210): include('C:\\xampp\\htdocs...')
#2 C:\xampp\htdocs\puskessoscgt\vendor\codeigniter4\framework\system\View\View.php(213): CodeIgniter\View\View->CodeIgniter\View\{closure}()
#3 C:\xampp\htdocs\puskessoscgt\vendor\codeigniter4\framework\system\Common.php(1089): CodeIgniter\View\View->render('kis/DataUsulan', Array, true)
#4 C:\xampp\htdocs\puskessoscgt\app\Controllers\Kis.php(191): view('kis/DataUsulan', Array)
#5 C:\xampp\htdocs\puskessoscgt\vendor\codeigniter4\framework\system\CodeIgniter.php(832): App\Controllers\Kis->cek_usul()
#6 C:\xampp\htdocs\puskessoscgt\vendor\codeigniter4\framework\system\CodeIgniter.php(419): CodeIgniter\CodeIgniter->runController(Object(App\Controllers\Kis))
#7 C:\xampp\htdocs\puskessoscgt\vendor\codeigniter4\framework\system\CodeIgniter.php(326): CodeIgniter\CodeIgniter->handleRequest(NULL, Object(Config\Cache), false)
#8 C:\xampp\htdocs\puskessoscgt\public\index.php(37): CodeIgniter\CodeIgniter->run()
#9 C:\xampp\htdocs\puskessoscgt\vendor\codeigniter4\framework\system\Commands\Server\rewrite.php(43): require_once('C:\\xampp\\htdocs...')
#10 {main}
CRITICAL - 2022-06-22 14:34:59 --> Trying to get property 'nik' of non-object
#0 C:\xampp\htdocs\puskessoscgt\app\Views\program\hasil.php(35): CodeIgniter\Debug\Exceptions->errorHandler(8, 'Trying to get p...', 'C:\\xampp\\htdocs...', 35, Array)
#1 C:\xampp\htdocs\puskessoscgt\vendor\codeigniter4\framework\system\View\View.php(210): include('C:\\xampp\\htdocs...')
#2 C:\xampp\htdocs\puskessoscgt\vendor\codeigniter4\framework\system\View\View.php(213): CodeIgniter\View\View->CodeIgniter\View\{closure}()
#3 C:\xampp\htdocs\puskessoscgt\vendor\codeigniter4\framework\system\Common.php(1089): CodeIgniter\View\View->render('program/hasil', Array, true)
#4 C:\xampp\htdocs\puskessoscgt\app\Controllers\Peserta.php(41): view('program/hasil', Array)
#5 C:\xampp\htdocs\puskessoscgt\vendor\codeigniter4\framework\system\CodeIgniter.php(832): App\Controllers\Peserta->search()
#6 C:\xampp\htdocs\puskessoscgt\vendor\codeigniter4\framework\system\CodeIgniter.php(419): CodeIgniter\CodeIgniter->runController(Object(App\Controllers\Peserta))
#7 C:\xampp\htdocs\puskessoscgt\vendor\codeigniter4\framework\system\CodeIgniter.php(326): CodeIgniter\CodeIgniter->handleRequest(NULL, Object(Config\Cache), false)
#8 C:\xampp\htdocs\puskessoscgt\public\index.php(37): CodeIgniter\CodeIgniter->run()
#9 C:\xampp\htdocs\puskessoscgt\vendor\codeigniter4\framework\system\Commands\Server\rewrite.php(43): require_once('C:\\xampp\\htdocs...')
#10 {main}
CRITICAL - 2022-06-22 14:36:23 --> syntax error, unexpected ''-'' (T_CONSTANT_ENCAPSED_STRING)
#0 C:\xampp\htdocs\puskessoscgt\vendor\codeigniter4\framework\system\View\View.php(213): CodeIgniter\View\View->CodeIgniter\View\{closure}()
#1 C:\xampp\htdocs\puskessoscgt\vendor\codeigniter4\framework\system\Common.php(1089): CodeIgniter\View\View->render('program/hasil', Array, true)
#2 C:\xampp\htdocs\puskessoscgt\app\Controllers\Peserta.php(41): view('program/hasil', Array)
#3 C:\xampp\htdocs\puskessoscgt\vendor\codeigniter4\framework\system\CodeIgniter.php(832): App\Controllers\Peserta->search()
#4 C:\xampp\htdocs\puskessoscgt\vendor\codeigniter4\framework\system\CodeIgniter.php(419): CodeIgniter\CodeIgniter->runController(Object(App\Controllers\Peserta))
#5 C:\xampp\htdocs\puskessoscgt\vendor\codeigniter4\framework\system\CodeIgniter.php(326): CodeIgniter\CodeIgniter->handleRequest(NULL, Object(Config\Cache), false)
#6 C:\xampp\htdocs\puskessoscgt\public\index.php(37): CodeIgniter\CodeIgniter->run()
#7 C:\xampp\htdocs\puskessoscgt\vendor\codeigniter4\framework\system\Commands\Server\rewrite.php(43): require_once('C:\\xampp\\htdocs...')
#8 {main}
CRITICAL - 2022-06-22 14:36:42 --> Undefined index: nik
#0 C:\xampp\htdocs\puskessoscgt\app\Views\program\hasil.php(35): CodeIgniter\Debug\Exceptions->errorHandler(8, 'Undefined index...', 'C:\\xampp\\htdocs...', 35, Array)
#1 C:\xampp\htdocs\puskessoscgt\vendor\codeigniter4\framework\system\View\View.php(210): include('C:\\xampp\\htdocs...')
#2 C:\xampp\htdocs\puskessoscgt\vendor\codeigniter4\framework\system\View\View.php(213): CodeIgniter\View\View->CodeIgniter\View\{closure}()
#3 C:\xampp\htdocs\puskessoscgt\vendor\codeigniter4\framework\system\Common.php(1089): CodeIgniter\View\View->render('program/hasil', Array, true)
#4 C:\xampp\htdocs\puskessoscgt\app\Controllers\Peserta.php(41): view('program/hasil', Array)
#5 C:\xampp\htdocs\puskessoscgt\vendor\codeigniter4\framework\system\CodeIgniter.php(832): App\Controllers\Peserta->search()
#6 C:\xampp\htdocs\puskessoscgt\vendor\codeigniter4\framework\system\CodeIgniter.php(419): CodeIgniter\CodeIgniter->runController(Object(App\Controllers\Peserta))
#7 C:\xampp\htdocs\puskessoscgt\vendor\codeigniter4\framework\system\CodeIgniter.php(326): CodeIgniter\CodeIgniter->handleRequest(NULL, Object(Config\Cache), false)
#8 C:\xampp\htdocs\puskessoscgt\public\index.php(37): CodeIgniter\CodeIgniter->run()
#9 C:\xampp\htdocs\puskessoscgt\vendor\codeigniter4\framework\system\Commands\Server\rewrite.php(43): require_once('C:\\xampp\\htdocs...')
#10 {main}
CRITICAL - 2022-06-22 14:38:13 --> Undefined index: nik
#0 C:\xampp\htdocs\puskessoscgt\app\Views\program\hasil.php(35): CodeIgniter\Debug\Exceptions->errorHandler(8, 'Undefined index...', 'C:\\xampp\\htdocs...', 35, Array)
#1 C:\xampp\htdocs\puskessoscgt\vendor\codeigniter4\framework\system\View\View.php(210): include('C:\\xampp\\htdocs...')
#2 C:\xampp\htdocs\puskessoscgt\vendor\codeigniter4\framework\system\View\View.php(213): CodeIgniter\View\View->CodeIgniter\View\{closure}()
#3 C:\xampp\htdocs\puskessoscgt\vendor\codeigniter4\framework\system\Common.php(1089): CodeIgniter\View\View->render('program/hasil', Array, true)
#4 C:\xampp\htdocs\puskessoscgt\app\Controllers\Peserta.php(41): view('program/hasil', Array)
#5 C:\xampp\htdocs\puskessoscgt\vendor\codeigniter4\framework\system\CodeIgniter.php(832): App\Controllers\Peserta->search()
#6 C:\xampp\htdocs\puskessoscgt\vendor\codeigniter4\framework\system\CodeIgniter.php(419): CodeIgniter\CodeIgniter->runController(Object(App\Controllers\Peserta))
#7 C:\xampp\htdocs\puskessoscgt\vendor\codeigniter4\framework\system\CodeIgniter.php(326): CodeIgniter\CodeIgniter->handleRequest(NULL, Object(Config\Cache), false)
#8 C:\xampp\htdocs\puskessoscgt\public\index.php(37): CodeIgniter\CodeIgniter->run()
#9 C:\xampp\htdocs\puskessoscgt\vendor\codeigniter4\framework\system\Commands\Server\rewrite.php(43): require_once('C:\\xampp\\htdocs...')
#10 {main}
CRITICAL - 2022-06-22 14:40:07 --> Undefined index: nik
#0 C:\xampp\htdocs\puskessoscgt\app\Views\program\hasil.php(35): CodeIgniter\Debug\Exceptions->errorHandler(8, 'Undefined index...', 'C:\\xampp\\htdocs...', 35, Array)
#1 C:\xampp\htdocs\puskessoscgt\vendor\codeigniter4\framework\system\View\View.php(210): include('C:\\xampp\\htdocs...')
#2 C:\xampp\htdocs\puskessoscgt\vendor\codeigniter4\framework\system\View\View.php(213): CodeIgniter\View\View->CodeIgniter\View\{closure}()
#3 C:\xampp\htdocs\puskessoscgt\vendor\codeigniter4\framework\system\Common.php(1089): CodeIgniter\View\View->render('program/hasil', Array, true)
#4 C:\xampp\htdocs\puskessoscgt\app\Controllers\Peserta.php(41): view('program/hasil', Array)
#5 C:\xampp\htdocs\puskessoscgt\vendor\codeigniter4\framework\system\CodeIgniter.php(832): App\Controllers\Peserta->search()
#6 C:\xampp\htdocs\puskessoscgt\vendor\codeigniter4\framework\system\CodeIgniter.php(419): CodeIgniter\CodeIgniter->runController(Object(App\Controllers\Peserta))
#7 C:\xampp\htdocs\puskessoscgt\vendor\codeigniter4\framework\system\CodeIgniter.php(326): CodeIgniter\CodeIgniter->handleRequest(NULL, Object(Config\Cache), false)
#8 C:\xampp\htdocs\puskessoscgt\public\index.php(37): CodeIgniter\CodeIgniter->run()
#9 C:\xampp\htdocs\puskessoscgt\vendor\codeigniter4\framework\system\Commands\Server\rewrite.php(43): require_once('C:\\xampp\\htdocs...')
#10 {main}
CRITICAL - 2022-06-22 14:42:58 --> Undefined index: nik
#0 C:\xampp\htdocs\puskessoscgt\app\Views\program\hasil.php(35): CodeIgniter\Debug\Exceptions->errorHandler(8, 'Undefined index...', 'C:\\xampp\\htdocs...', 35, Array)
#1 C:\xampp\htdocs\puskessoscgt\vendor\codeigniter4\framework\system\View\View.php(210): include('C:\\xampp\\htdocs...')
#2 C:\xampp\htdocs\puskessoscgt\vendor\codeigniter4\framework\system\View\View.php(213): CodeIgniter\View\View->CodeIgniter\View\{closure}()
#3 C:\xampp\htdocs\puskessoscgt\vendor\codeigniter4\framework\system\Common.php(1089): CodeIgniter\View\View->render('program/hasil', Array, true)
#4 C:\xampp\htdocs\puskessoscgt\app\Controllers\Peserta.php(41): view('program/hasil', Array)
#5 C:\xampp\htdocs\puskessoscgt\vendor\codeigniter4\framework\system\CodeIgniter.php(832): App\Controllers\Peserta->search()
#6 C:\xampp\htdocs\puskessoscgt\vendor\codeigniter4\framework\system\CodeIgniter.php(419): CodeIgniter\CodeIgniter->runController(Object(App\Controllers\Peserta))
#7 C:\xampp\htdocs\puskessoscgt\vendor\codeigniter4\framework\system\CodeIgniter.php(326): CodeIgniter\CodeIgniter->handleRequest(NULL, Object(Config\Cache), false)
#8 C:\xampp\htdocs\puskessoscgt\public\index.php(37): CodeIgniter\CodeIgniter->run()
#9 C:\xampp\htdocs\puskessoscgt\vendor\codeigniter4\framework\system\Commands\Server\rewrite.php(43): require_once('C:\\xampp\\htdocs...')
#10 {main}
CRITICAL - 2022-06-22 14:43:10 --> Undefined index: nama
#0 C:\xampp\htdocs\puskessoscgt\app\Views\program\hasil.php(35): CodeIgniter\Debug\Exceptions->errorHandler(8, 'Undefined index...', 'C:\\xampp\\htdocs...', 35, Array)
#1 C:\xampp\htdocs\puskessoscgt\vendor\codeigniter4\framework\system\View\View.php(210): include('C:\\xampp\\htdocs...')
#2 C:\xampp\htdocs\puskessoscgt\vendor\codeigniter4\framework\system\View\View.php(213): CodeIgniter\View\View->CodeIgniter\View\{closure}()
#3 C:\xampp\htdocs\puskessoscgt\vendor\codeigniter4\framework\system\Common.php(1089): CodeIgniter\View\View->render('program/hasil', Array, true)
#4 C:\xampp\htdocs\puskessoscgt\app\Controllers\Peserta.php(41): view('program/hasil', Array)
#5 C:\xampp\htdocs\puskessoscgt\vendor\codeigniter4\framework\system\CodeIgniter.php(832): App\Controllers\Peserta->search()
#6 C:\xampp\htdocs\puskessoscgt\vendor\codeigniter4\framework\system\CodeIgniter.php(419): CodeIgniter\CodeIgniter->runController(Object(App\Controllers\Peserta))
#7 C:\xampp\htdocs\puskessoscgt\vendor\codeigniter4\framework\system\CodeIgniter.php(326): CodeIgniter\CodeIgniter->handleRequest(NULL, Object(Config\Cache), false)
#8 C:\xampp\htdocs\puskessoscgt\public\index.php(37): CodeIgniter\CodeIgniter->run()
#9 C:\xampp\htdocs\puskessoscgt\vendor\codeigniter4\framework\system\Commands\Server\rewrite.php(43): require_once('C:\\xampp\\htdocs...')
#10 {main}
CRITICAL - 2022-06-22 14:43:24 --> Array to string conversion
#0 C:\xampp\htdocs\puskessoscgt\app\Views\program\hasil.php(35): CodeIgniter\Debug\Exceptions->errorHandler(8, 'Array to string...', 'C:\\xampp\\htdocs...', 35, Array)
#1 C:\xampp\htdocs\puskessoscgt\vendor\codeigniter4\framework\system\View\View.php(210): include('C:\\xampp\\htdocs...')
#2 C:\xampp\htdocs\puskessoscgt\vendor\codeigniter4\framework\system\View\View.php(213): CodeIgniter\View\View->CodeIgniter\View\{closure}()
#3 C:\xampp\htdocs\puskessoscgt\vendor\codeigniter4\framework\system\Common.php(1089): CodeIgniter\View\View->render('program/hasil', Array, true)
#4 C:\xampp\htdocs\puskessoscgt\app\Controllers\Peserta.php(41): view('program/hasil', Array)
#5 C:\xampp\htdocs\puskessoscgt\vendor\codeigniter4\framework\system\CodeIgniter.php(832): App\Controllers\Peserta->search()
#6 C:\xampp\htdocs\puskessoscgt\vendor\codeigniter4\framework\system\CodeIgniter.php(419): CodeIgniter\CodeIgniter->runController(Object(App\Controllers\Peserta))
#7 C:\xampp\htdocs\puskessoscgt\vendor\codeigniter4\framework\system\CodeIgniter.php(326): CodeIgniter\CodeIgniter->handleRequest(NULL, Object(Config\Cache), false)
#8 C:\xampp\htdocs\puskessoscgt\public\index.php(37): CodeIgniter\CodeIgniter->run()
#9 C:\xampp\htdocs\puskessoscgt\vendor\codeigniter4\framework\system\Commands\Server\rewrite.php(43): require_once('C:\\xampp\\htdocs...')
#10 {main}
CRITICAL - 2022-06-22 14:45:32 --> Undefined index: nik
#0 C:\xampp\htdocs\puskessoscgt\app\Views\program\hasil.php(35): CodeIgniter\Debug\Exceptions->errorHandler(8, 'Undefined index...', 'C:\\xampp\\htdocs...', 35, Array)
#1 C:\xampp\htdocs\puskessoscgt\vendor\codeigniter4\framework\system\View\View.php(210): include('C:\\xampp\\htdocs...')
#2 C:\xampp\htdocs\puskessoscgt\vendor\codeigniter4\framework\system\View\View.php(213): CodeIgniter\View\View->CodeIgniter\View\{closure}()
#3 C:\xampp\htdocs\puskessoscgt\vendor\codeigniter4\framework\system\Common.php(1089): CodeIgniter\View\View->render('program/hasil', Array, true)
#4 C:\xampp\htdocs\puskessoscgt\app\Controllers\Peserta.php(41): view('program/hasil', Array)
#5 C:\xampp\htdocs\puskessoscgt\vendor\codeigniter4\framework\system\CodeIgniter.php(832): App\Controllers\Peserta->search()
#6 C:\xampp\htdocs\puskessoscgt\vendor\codeigniter4\framework\system\CodeIgniter.php(419): CodeIgniter\CodeIgniter->runController(Object(App\Controllers\Peserta))
#7 C:\xampp\htdocs\puskessoscgt\vendor\codeigniter4\framework\system\CodeIgniter.php(326): CodeIgniter\CodeIgniter->handleRequest(NULL, Object(Config\Cache), false)
#8 C:\xampp\htdocs\puskessoscgt\public\index.php(37): CodeIgniter\CodeIgniter->run()
#9 C:\xampp\htdocs\puskessoscgt\vendor\codeigniter4\framework\system\Commands\Server\rewrite.php(43): require_once('C:\\xampp\\htdocs...')
#10 {main}
