CRITICAL - 2022-05-17 01:54:56 --> Trying to get property 'noka' of non-object
#0 C:\xampp\htdocs\puskessoscgt\app\Views\kis\search.php(34): CodeIgniter\Debug\Exceptions->errorHandler(8, 'Trying to get p...', 'C:\\xampp\\htdocs...', 34, Array)
#1 C:\xampp\htdocs\puskessoscgt\vendor\codeigniter4\framework\system\View\View.php(210): include('C:\\xampp\\htdocs...')
#2 C:\xampp\htdocs\puskessoscgt\vendor\codeigniter4\framework\system\View\View.php(213): CodeIgniter\View\View->CodeIgniter\View\{closure}()
#3 C:\xampp\htdocs\puskessoscgt\vendor\codeigniter4\framework\system\Common.php(1089): CodeIgniter\View\View->render('kis/search', Array, true)
#4 C:\xampp\htdocs\puskessoscgt\app\Controllers\Kis.php(30): view('kis/search', Array)
#5 C:\xampp\htdocs\puskessoscgt\vendor\codeigniter4\framework\system\CodeIgniter.php(832): App\Controllers\Kis->search()
#6 C:\xampp\htdocs\puskessoscgt\vendor\codeigniter4\framework\system\CodeIgniter.php(419): CodeIgniter\CodeIgniter->runController(Object(App\Controllers\Kis))
#7 C:\xampp\htdocs\puskessoscgt\vendor\codeigniter4\framework\system\CodeIgniter.php(326): CodeIgniter\CodeIgniter->handleRequest(NULL, Object(Config\Cache), false)
#8 C:\xampp\htdocs\puskessoscgt\public\index.php(37): CodeIgniter\CodeIgniter->run()
#9 C:\xampp\htdocs\puskessoscgt\vendor\codeigniter4\framework\system\Commands\Server\rewrite.php(43): require_once('C:\\xampp\\htdocs...')
#10 {main}
CRITICAL - 2022-05-17 01:56:38 --> Trying to get property 'noka' of non-object
#0 C:\xampp\htdocs\puskessoscgt\app\Views\kis\search.php(34): CodeIgniter\Debug\Exceptions->errorHandler(8, 'Trying to get p...', 'C:\\xampp\\htdocs...', 34, Array)
#1 C:\xampp\htdocs\puskessoscgt\vendor\codeigniter4\framework\system\View\View.php(210): include('C:\\xampp\\htdocs...')
#2 C:\xampp\htdocs\puskessoscgt\vendor\codeigniter4\framework\system\View\View.php(213): CodeIgniter\View\View->CodeIgniter\View\{closure}()
#3 C:\xampp\htdocs\puskessoscgt\vendor\codeigniter4\framework\system\Common.php(1089): CodeIgniter\View\View->render('kis/search', Array, true)
#4 C:\xampp\htdocs\puskessoscgt\app\Controllers\Kis.php(30): view('kis/search', Array)
#5 C:\xampp\htdocs\puskessoscgt\vendor\codeigniter4\framework\system\CodeIgniter.php(832): App\Controllers\Kis->search()
#6 C:\xampp\htdocs\puskessoscgt\vendor\codeigniter4\framework\system\CodeIgniter.php(419): CodeIgniter\CodeIgniter->runController(Object(App\Controllers\Kis))
#7 C:\xampp\htdocs\puskessoscgt\vendor\codeigniter4\framework\system\CodeIgniter.php(326): CodeIgniter\CodeIgniter->handleRequest(NULL, Object(Config\Cache), false)
#8 C:\xampp\htdocs\puskessoscgt\public\index.php(37): CodeIgniter\CodeIgniter->run()
#9 C:\xampp\htdocs\puskessoscgt\vendor\codeigniter4\framework\system\Commands\Server\rewrite.php(43): require_once('C:\\xampp\\htdocs...')
#10 {main}
CRITICAL - 2022-05-17 01:57:51 --> syntax error, unexpected ';'
#0 C:\xampp\htdocs\puskessoscgt\vendor\codeigniter4\framework\system\View\View.php(213): CodeIgniter\View\View->CodeIgniter\View\{closure}()
#1 C:\xampp\htdocs\puskessoscgt\vendor\codeigniter4\framework\system\Common.php(1089): CodeIgniter\View\View->render('kis/search', Array, true)
#2 C:\xampp\htdocs\puskessoscgt\app\Controllers\Kis.php(30): view('kis/search', Array)
#3 C:\xampp\htdocs\puskessoscgt\vendor\codeigniter4\framework\system\CodeIgniter.php(832): App\Controllers\Kis->search()
#4 C:\xampp\htdocs\puskessoscgt\vendor\codeigniter4\framework\system\CodeIgniter.php(419): CodeIgniter\CodeIgniter->runController(Object(App\Controllers\Kis))
#5 C:\xampp\htdocs\puskessoscgt\vendor\codeigniter4\framework\system\CodeIgniter.php(326): CodeIgniter\CodeIgniter->handleRequest(NULL, Object(Config\Cache), false)
#6 C:\xampp\htdocs\puskessoscgt\public\index.php(37): CodeIgniter\CodeIgniter->run()
#7 C:\xampp\htdocs\puskessoscgt\vendor\codeigniter4\framework\system\Commands\Server\rewrite.php(43): require_once('C:\\xampp\\htdocs...')
#8 {main}
CRITICAL - 2022-05-17 08:23:28 --> syntax error, unexpected '}'
#0 C:\xampp\htdocs\puskessoscgt\vendor\codeigniter4\framework\system\Router\Router.php(175): CodeIgniter\Router\Router->autoRoute('user/index')
#1 C:\xampp\htdocs\puskessoscgt\vendor\codeigniter4\framework\system\CodeIgniter.php(726): CodeIgniter\Router\Router->handle('user/index')
#2 C:\xampp\htdocs\puskessoscgt\vendor\codeigniter4\framework\system\CodeIgniter.php(368): CodeIgniter\CodeIgniter->tryToRouteIt(Object(CodeIgniter\Router\RouteCollection))
#3 C:\xampp\htdocs\puskessoscgt\vendor\codeigniter4\framework\system\CodeIgniter.php(326): CodeIgniter\CodeIgniter->handleRequest(NULL, Object(Config\Cache), false)
#4 C:\xampp\htdocs\puskessoscgt\public\index.php(37): CodeIgniter\CodeIgniter->run()
#5 C:\xampp\htdocs\puskessoscgt\vendor\codeigniter4\framework\system\Commands\Server\rewrite.php(43): require_once('C:\\xampp\\htdocs...')
#6 {main}
CRITICAL - 2022-05-17 10:34:15 --> Trying to get property 'noka' of non-object
#0 C:\xampp\htdocs\puskessoscgt\app\Views\kis\search.php(34): CodeIgniter\Debug\Exceptions->errorHandler(8, 'Trying to get p...', 'C:\\xampp\\htdocs...', 34, Array)
#1 C:\xampp\htdocs\puskessoscgt\vendor\codeigniter4\framework\system\View\View.php(210): include('C:\\xampp\\htdocs...')
#2 C:\xampp\htdocs\puskessoscgt\vendor\codeigniter4\framework\system\View\View.php(213): CodeIgniter\View\View->CodeIgniter\View\{closure}()
#3 C:\xampp\htdocs\puskessoscgt\vendor\codeigniter4\framework\system\Common.php(1089): CodeIgniter\View\View->render('kis/search', Array, true)
#4 C:\xampp\htdocs\puskessoscgt\app\Controllers\Kis.php(30): view('kis/search', Array)
#5 C:\xampp\htdocs\puskessoscgt\vendor\codeigniter4\framework\system\CodeIgniter.php(832): App\Controllers\Kis->search()
#6 C:\xampp\htdocs\puskessoscgt\vendor\codeigniter4\framework\system\CodeIgniter.php(419): CodeIgniter\CodeIgniter->runController(Object(App\Controllers\Kis))
#7 C:\xampp\htdocs\puskessoscgt\vendor\codeigniter4\framework\system\CodeIgniter.php(326): CodeIgniter\CodeIgniter->handleRequest(NULL, Object(Config\Cache), false)
#8 C:\xampp\htdocs\puskessoscgt\public\index.php(37): CodeIgniter\CodeIgniter->run()
#9 C:\xampp\htdocs\puskessoscgt\vendor\codeigniter4\framework\system\Commands\Server\rewrite.php(43): require_once('C:\\xampp\\htdocs...')
#10 {main}
CRITICAL - 2022-05-17 10:38:52 --> Trying to get property 'nik' of non-object
#0 C:\xampp\htdocs\puskessoscgt\app\Views\kis\search.php(35): CodeIgniter\Debug\Exceptions->errorHandler(8, 'Trying to get p...', 'C:\\xampp\\htdocs...', 35, Array)
#1 C:\xampp\htdocs\puskessoscgt\vendor\codeigniter4\framework\system\View\View.php(210): include('C:\\xampp\\htdocs...')
#2 C:\xampp\htdocs\puskessoscgt\vendor\codeigniter4\framework\system\View\View.php(213): CodeIgniter\View\View->CodeIgniter\View\{closure}()
#3 C:\xampp\htdocs\puskessoscgt\vendor\codeigniter4\framework\system\Common.php(1089): CodeIgniter\View\View->render('kis/search', Array, true)
#4 C:\xampp\htdocs\puskessoscgt\app\Controllers\Kis.php(30): view('kis/search', Array)
#5 C:\xampp\htdocs\puskessoscgt\vendor\codeigniter4\framework\system\CodeIgniter.php(832): App\Controllers\Kis->search()
#6 C:\xampp\htdocs\puskessoscgt\vendor\codeigniter4\framework\system\CodeIgniter.php(419): CodeIgniter\CodeIgniter->runController(Object(App\Controllers\Kis))
#7 C:\xampp\htdocs\puskessoscgt\vendor\codeigniter4\framework\system\CodeIgniter.php(326): CodeIgniter\CodeIgniter->handleRequest(NULL, Object(Config\Cache), false)
#8 C:\xampp\htdocs\puskessoscgt\public\index.php(37): CodeIgniter\CodeIgniter->run()
#9 C:\xampp\htdocs\puskessoscgt\vendor\codeigniter4\framework\system\Commands\Server\rewrite.php(43): require_once('C:\\xampp\\htdocs...')
#10 {main}
CRITICAL - 2022-05-17 10:49:33 --> Invalid file: user/topbar.php
#0 C:\xampp\htdocs\puskessoscgt\vendor\codeigniter4\framework\system\View\View.php(198): CodeIgniter\Exceptions\FrameworkException::forInvalidFile('user/topbar.php')
#1 C:\xampp\htdocs\puskessoscgt\vendor\codeigniter4\framework\system\View\View.php(424): CodeIgniter\View\View->render('user/topbar', NULL, true)
#2 C:\xampp\htdocs\puskessoscgt\app\Views\kis\index.php(8): CodeIgniter\View\View->include('user/topbar')
#3 C:\xampp\htdocs\puskessoscgt\vendor\codeigniter4\framework\system\View\View.php(210): include('C:\\xampp\\htdocs...')
#4 C:\xampp\htdocs\puskessoscgt\vendor\codeigniter4\framework\system\View\View.php(213): CodeIgniter\View\View->CodeIgniter\View\{closure}()
#5 C:\xampp\htdocs\puskessoscgt\vendor\codeigniter4\framework\system\Common.php(1089): CodeIgniter\View\View->render('kis/index', Array, true)
#6 C:\xampp\htdocs\puskessoscgt\app\Controllers\Kis.php(20): view('kis/index', Array)
#7 C:\xampp\htdocs\puskessoscgt\vendor\codeigniter4\framework\system\CodeIgniter.php(832): App\Controllers\Kis->index()
#8 C:\xampp\htdocs\puskessoscgt\vendor\codeigniter4\framework\system\CodeIgniter.php(419): CodeIgniter\CodeIgniter->runController(Object(App\Controllers\Kis))
#9 C:\xampp\htdocs\puskessoscgt\vendor\codeigniter4\framework\system\CodeIgniter.php(326): CodeIgniter\CodeIgniter->handleRequest(NULL, Object(Config\Cache), false)
#10 C:\xampp\htdocs\puskessoscgt\public\index.php(37): CodeIgniter\CodeIgniter->run()
#11 C:\xampp\htdocs\puskessoscgt\vendor\codeigniter4\framework\system\Commands\Server\rewrite.php(43): require_once('C:\\xampp\\htdocs...')
#12 {main}
