CRITICAL - 2022-05-16 00:11:10 --> Undefined variable: userid
#0 C:\xampp\htdocs\puskessoscgt\app\Views\admin\detail.php(37): CodeIgniter\Debug\Exceptions->errorHandler(8, 'Undefined varia...', 'C:\\xampp\\htdocs...', 37, Array)
#1 C:\xampp\htdocs\puskessoscgt\vendor\codeigniter4\framework\system\View\View.php(210): include('C:\\xampp\\htdocs...')
#2 C:\xampp\htdocs\puskessoscgt\vendor\codeigniter4\framework\system\View\View.php(213): CodeIgniter\View\View->CodeIgniter\View\{closure}()
#3 C:\xampp\htdocs\puskessoscgt\vendor\codeigniter4\framework\system\Common.php(1089): CodeIgniter\View\View->render('admin/detail', Array, true)
#4 C:\xampp\htdocs\puskessoscgt\app\Controllers\Adm.php(50): view('admin/detail', Array)
#5 C:\xampp\htdocs\puskessoscgt\vendor\codeigniter4\framework\system\CodeIgniter.php(832): App\Controllers\Adm->detail('5')
#6 C:\xampp\htdocs\puskessoscgt\vendor\codeigniter4\framework\system\CodeIgniter.php(419): CodeIgniter\CodeIgniter->runController(Object(App\Controllers\Adm))
#7 C:\xampp\htdocs\puskessoscgt\vendor\codeigniter4\framework\system\CodeIgniter.php(326): CodeIgniter\CodeIgniter->handleRequest(NULL, Object(Config\Cache), false)
#8 C:\xampp\htdocs\puskessoscgt\public\index.php(37): CodeIgniter\CodeIgniter->run()
#9 C:\xampp\htdocs\puskessoscgt\vendor\codeigniter4\framework\system\Commands\Server\rewrite.php(43): require_once('C:\\xampp\\htdocs...')
#10 {main}
CRITICAL - 2022-05-16 00:12:12 --> Undefined property: stdClass::$id
#0 C:\xampp\htdocs\puskessoscgt\app\Views\user\edit.php(16): CodeIgniter\Debug\Exceptions->errorHandler(8, 'Undefined prope...', 'C:\\xampp\\htdocs...', 16, Array)
#1 C:\xampp\htdocs\puskessoscgt\vendor\codeigniter4\framework\system\View\View.php(210): include('C:\\xampp\\htdocs...')
#2 C:\xampp\htdocs\puskessoscgt\vendor\codeigniter4\framework\system\View\View.php(213): CodeIgniter\View\View->CodeIgniter\View\{closure}()
#3 C:\xampp\htdocs\puskessoscgt\vendor\codeigniter4\framework\system\Common.php(1089): CodeIgniter\View\View->render('user/edit', Array, true)
#4 C:\xampp\htdocs\puskessoscgt\app\Controllers\Adm.php(72): view('user/edit', Array)
#5 C:\xampp\htdocs\puskessoscgt\vendor\codeigniter4\framework\system\CodeIgniter.php(832): App\Controllers\Adm->edit('5')
#6 C:\xampp\htdocs\puskessoscgt\vendor\codeigniter4\framework\system\CodeIgniter.php(419): CodeIgniter\CodeIgniter->runController(Object(App\Controllers\Adm))
#7 C:\xampp\htdocs\puskessoscgt\vendor\codeigniter4\framework\system\CodeIgniter.php(326): CodeIgniter\CodeIgniter->handleRequest(NULL, Object(Config\Cache), false)
#8 C:\xampp\htdocs\puskessoscgt\public\index.php(37): CodeIgniter\CodeIgniter->run()
#9 C:\xampp\htdocs\puskessoscgt\vendor\codeigniter4\framework\system\Commands\Server\rewrite.php(43): require_once('C:\\xampp\\htdocs...')
#10 {main}
CRITICAL - 2022-05-16 00:12:40 --> Undefined variable: validation
#0 C:\xampp\htdocs\puskessoscgt\app\Views\user\edit.php(23): CodeIgniter\Debug\Exceptions->errorHandler(8, 'Undefined varia...', 'C:\\xampp\\htdocs...', 23, Array)
#1 C:\xampp\htdocs\puskessoscgt\vendor\codeigniter4\framework\system\View\View.php(210): include('C:\\xampp\\htdocs...')
#2 C:\xampp\htdocs\puskessoscgt\vendor\codeigniter4\framework\system\View\View.php(213): CodeIgniter\View\View->CodeIgniter\View\{closure}()
#3 C:\xampp\htdocs\puskessoscgt\vendor\codeigniter4\framework\system\Common.php(1089): CodeIgniter\View\View->render('user/edit', Array, true)
#4 C:\xampp\htdocs\puskessoscgt\app\Controllers\Adm.php(72): view('user/edit', Array)
#5 C:\xampp\htdocs\puskessoscgt\vendor\codeigniter4\framework\system\CodeIgniter.php(832): App\Controllers\Adm->edit('5')
#6 C:\xampp\htdocs\puskessoscgt\vendor\codeigniter4\framework\system\CodeIgniter.php(419): CodeIgniter\CodeIgniter->runController(Object(App\Controllers\Adm))
#7 C:\xampp\htdocs\puskessoscgt\vendor\codeigniter4\framework\system\CodeIgniter.php(326): CodeIgniter\CodeIgniter->handleRequest(NULL, Object(Config\Cache), false)
#8 C:\xampp\htdocs\puskessoscgt\public\index.php(37): CodeIgniter\CodeIgniter->run()
#9 C:\xampp\htdocs\puskessoscgt\vendor\codeigniter4\framework\system\Commands\Server\rewrite.php(43): require_once('C:\\xampp\\htdocs...')
#10 {main}
CRITICAL - 2022-05-16 00:14:30 --> Call to a member function hasError() on string
#0 C:\xampp\htdocs\puskessoscgt\vendor\codeigniter4\framework\system\View\View.php(210): include()
#1 C:\xampp\htdocs\puskessoscgt\vendor\codeigniter4\framework\system\View\View.php(213): CodeIgniter\View\View->CodeIgniter\View\{closure}()
#2 C:\xampp\htdocs\puskessoscgt\vendor\codeigniter4\framework\system\Common.php(1089): CodeIgniter\View\View->render('user/edit', Array, true)
#3 C:\xampp\htdocs\puskessoscgt\app\Controllers\Adm.php(73): view('user/edit', Array)
#4 C:\xampp\htdocs\puskessoscgt\vendor\codeigniter4\framework\system\CodeIgniter.php(832): App\Controllers\Adm->edit('5')
#5 C:\xampp\htdocs\puskessoscgt\vendor\codeigniter4\framework\system\CodeIgniter.php(419): CodeIgniter\CodeIgniter->runController(Object(App\Controllers\Adm))
#6 C:\xampp\htdocs\puskessoscgt\vendor\codeigniter4\framework\system\CodeIgniter.php(326): CodeIgniter\CodeIgniter->handleRequest(NULL, Object(Config\Cache), false)
#7 C:\xampp\htdocs\puskessoscgt\public\index.php(37): CodeIgniter\CodeIgniter->run()
#8 C:\xampp\htdocs\puskessoscgt\vendor\codeigniter4\framework\system\Commands\Server\rewrite.php(43): require_once('C:\\xampp\\htdocs...')
#9 {main}
CRITICAL - 2022-05-16 07:16:36 --> Undefined variable: user
#0 C:\xampp\htdocs\puskessoscgt\app\Views\user\profile.php(19): CodeIgniter\Debug\Exceptions->errorHandler(8, 'Undefined varia...', 'C:\\xampp\\htdocs...', 19, Array)
#1 C:\xampp\htdocs\puskessoscgt\vendor\codeigniter4\framework\system\View\View.php(210): include('C:\\xampp\\htdocs...')
#2 C:\xampp\htdocs\puskessoscgt\vendor\codeigniter4\framework\system\View\View.php(213): CodeIgniter\View\View->CodeIgniter\View\{closure}()
#3 C:\xampp\htdocs\puskessoscgt\vendor\codeigniter4\framework\system\Common.php(1089): CodeIgniter\View\View->render('user/profile', Array, true)
#4 C:\xampp\htdocs\puskessoscgt\app\Controllers\User.php(33): view('user/profile', Array)
#5 C:\xampp\htdocs\puskessoscgt\vendor\codeigniter4\framework\system\CodeIgniter.php(832): App\Controllers\User->profile()
#6 C:\xampp\htdocs\puskessoscgt\vendor\codeigniter4\framework\system\CodeIgniter.php(419): CodeIgniter\CodeIgniter->runController(Object(App\Controllers\User))
#7 C:\xampp\htdocs\puskessoscgt\vendor\codeigniter4\framework\system\CodeIgniter.php(326): CodeIgniter\CodeIgniter->handleRequest(NULL, Object(Config\Cache), false)
#8 C:\xampp\htdocs\puskessoscgt\public\index.php(37): CodeIgniter\CodeIgniter->run()
#9 C:\xampp\htdocs\puskessoscgt\vendor\codeigniter4\framework\system\Commands\Server\rewrite.php(43): require_once('C:\\xampp\\htdocs...')
#10 {main}
CRITICAL - 2022-05-16 07:29:20 --> Undefined property: App\Controllers\User::$builder
#0 C:\xampp\htdocs\puskessoscgt\app\Controllers\User.php(46): CodeIgniter\Debug\Exceptions->errorHandler(8, 'Undefined prope...', 'C:\\xampp\\htdocs...', 46, Array)
#1 C:\xampp\htdocs\puskessoscgt\vendor\codeigniter4\framework\system\CodeIgniter.php(832): App\Controllers\User->edit('3')
#2 C:\xampp\htdocs\puskessoscgt\vendor\codeigniter4\framework\system\CodeIgniter.php(419): CodeIgniter\CodeIgniter->runController(Object(App\Controllers\User))
#3 C:\xampp\htdocs\puskessoscgt\vendor\codeigniter4\framework\system\CodeIgniter.php(326): CodeIgniter\CodeIgniter->handleRequest(NULL, Object(Config\Cache), false)
#4 C:\xampp\htdocs\puskessoscgt\public\index.php(37): CodeIgniter\CodeIgniter->run()
#5 C:\xampp\htdocs\puskessoscgt\vendor\codeigniter4\framework\system\Commands\Server\rewrite.php(43): require_once('C:\\xampp\\htdocs...')
#6 {main}
CRITICAL - 2022-05-16 09:33:05 --> Invalid file: kis/index.php
#0 C:\xampp\htdocs\puskessoscgt\vendor\codeigniter4\framework\system\View\View.php(198): CodeIgniter\Exceptions\FrameworkException::forInvalidFile('kis/index.php')
#1 C:\xampp\htdocs\puskessoscgt\vendor\codeigniter4\framework\system\Common.php(1089): CodeIgniter\View\View->render('kis/index', Array, true)
#2 C:\xampp\htdocs\puskessoscgt\app\Controllers\Kis.php(22): view('kis/index', Array)
#3 C:\xampp\htdocs\puskessoscgt\vendor\codeigniter4\framework\system\CodeIgniter.php(832): App\Controllers\Kis->index()
#4 C:\xampp\htdocs\puskessoscgt\vendor\codeigniter4\framework\system\CodeIgniter.php(419): CodeIgniter\CodeIgniter->runController(Object(App\Controllers\Kis))
#5 C:\xampp\htdocs\puskessoscgt\vendor\codeigniter4\framework\system\CodeIgniter.php(326): CodeIgniter\CodeIgniter->handleRequest(NULL, Object(Config\Cache), false)
#6 C:\xampp\htdocs\puskessoscgt\public\index.php(37): CodeIgniter\CodeIgniter->run()
#7 C:\xampp\htdocs\puskessoscgt\vendor\codeigniter4\framework\system\Commands\Server\rewrite.php(43): require_once('C:\\xampp\\htdocs...')
#8 {main}
CRITICAL - 2022-05-16 09:34:11 --> Undefined variable: user
#0 C:\xampp\htdocs\puskessoscgt\app\Views\kis\index.php(27): CodeIgniter\Debug\Exceptions->errorHandler(8, 'Undefined varia...', 'C:\\xampp\\htdocs...', 27, Array)
#1 C:\xampp\htdocs\puskessoscgt\vendor\codeigniter4\framework\system\View\View.php(210): include('C:\\xampp\\htdocs...')
#2 C:\xampp\htdocs\puskessoscgt\vendor\codeigniter4\framework\system\View\View.php(213): CodeIgniter\View\View->CodeIgniter\View\{closure}()
#3 C:\xampp\htdocs\puskessoscgt\vendor\codeigniter4\framework\system\Common.php(1089): CodeIgniter\View\View->render('kis/index', Array, true)
#4 C:\xampp\htdocs\puskessoscgt\app\Controllers\Kis.php(22): view('kis/index', Array)
#5 C:\xampp\htdocs\puskessoscgt\vendor\codeigniter4\framework\system\CodeIgniter.php(832): App\Controllers\Kis->index()
#6 C:\xampp\htdocs\puskessoscgt\vendor\codeigniter4\framework\system\CodeIgniter.php(419): CodeIgniter\CodeIgniter->runController(Object(App\Controllers\Kis))
#7 C:\xampp\htdocs\puskessoscgt\vendor\codeigniter4\framework\system\CodeIgniter.php(326): CodeIgniter\CodeIgniter->handleRequest(NULL, Object(Config\Cache), false)
#8 C:\xampp\htdocs\puskessoscgt\public\index.php(37): CodeIgniter\CodeIgniter->run()
#9 C:\xampp\htdocs\puskessoscgt\vendor\codeigniter4\framework\system\Commands\Server\rewrite.php(43): require_once('C:\\xampp\\htdocs...')
#10 {main}
CRITICAL - 2022-05-16 10:03:35 --> Invalid argument supplied for foreach()
#0 C:\xampp\htdocs\puskessoscgt\app\Views\kis\index.php(44): CodeIgniter\Debug\Exceptions->errorHandler(2, 'Invalid argumen...', 'C:\\xampp\\htdocs...', 44, Array)
#1 C:\xampp\htdocs\puskessoscgt\vendor\codeigniter4\framework\system\View\View.php(210): include('C:\\xampp\\htdocs...')
#2 C:\xampp\htdocs\puskessoscgt\vendor\codeigniter4\framework\system\View\View.php(213): CodeIgniter\View\View->CodeIgniter\View\{closure}()
#3 C:\xampp\htdocs\puskessoscgt\vendor\codeigniter4\framework\system\Common.php(1089): CodeIgniter\View\View->render('kis/index', Array, true)
#4 C:\xampp\htdocs\puskessoscgt\app\Controllers\Kis.php(23): view('kis/index', Array)
#5 C:\xampp\htdocs\puskessoscgt\vendor\codeigniter4\framework\system\CodeIgniter.php(832): App\Controllers\Kis->index()
#6 C:\xampp\htdocs\puskessoscgt\vendor\codeigniter4\framework\system\CodeIgniter.php(419): CodeIgniter\CodeIgniter->runController(Object(App\Controllers\Kis))
#7 C:\xampp\htdocs\puskessoscgt\vendor\codeigniter4\framework\system\CodeIgniter.php(326): CodeIgniter\CodeIgniter->handleRequest(NULL, Object(Config\Cache), false)
#8 C:\xampp\htdocs\puskessoscgt\public\index.php(37): CodeIgniter\CodeIgniter->run()
#9 C:\xampp\htdocs\puskessoscgt\vendor\codeigniter4\framework\system\Commands\Server\rewrite.php(43): require_once('C:\\xampp\\htdocs...')
#10 {main}
CRITICAL - 2022-05-16 10:07:16 --> syntax error, unexpected '}'
#0 C:\xampp\htdocs\puskessoscgt\vendor\codeigniter4\framework\system\Router\Router.php(175): CodeIgniter\Router\Router->autoRoute('kis')
#1 C:\xampp\htdocs\puskessoscgt\vendor\codeigniter4\framework\system\CodeIgniter.php(726): CodeIgniter\Router\Router->handle('kis')
#2 C:\xampp\htdocs\puskessoscgt\vendor\codeigniter4\framework\system\CodeIgniter.php(368): CodeIgniter\CodeIgniter->tryToRouteIt(Object(CodeIgniter\Router\RouteCollection))
#3 C:\xampp\htdocs\puskessoscgt\vendor\codeigniter4\framework\system\CodeIgniter.php(326): CodeIgniter\CodeIgniter->handleRequest(NULL, Object(Config\Cache), false)
#4 C:\xampp\htdocs\puskessoscgt\public\index.php(37): CodeIgniter\CodeIgniter->run()
#5 C:\xampp\htdocs\puskessoscgt\vendor\codeigniter4\framework\system\Commands\Server\rewrite.php(43): require_once('C:\\xampp\\htdocs...')
#6 {main}
CRITICAL - 2022-05-16 10:07:43 --> Undefined variable: apbd
#0 C:\xampp\htdocs\puskessoscgt\app\Views\kis\index.php(44): CodeIgniter\Debug\Exceptions->errorHandler(8, 'Undefined varia...', 'C:\\xampp\\htdocs...', 44, Array)
#1 C:\xampp\htdocs\puskessoscgt\vendor\codeigniter4\framework\system\View\View.php(210): include('C:\\xampp\\htdocs...')
#2 C:\xampp\htdocs\puskessoscgt\vendor\codeigniter4\framework\system\View\View.php(213): CodeIgniter\View\View->CodeIgniter\View\{closure}()
#3 C:\xampp\htdocs\puskessoscgt\vendor\codeigniter4\framework\system\Common.php(1089): CodeIgniter\View\View->render('kis/index', Array, true)
#4 C:\xampp\htdocs\puskessoscgt\app\Controllers\Kis.php(30): view('kis/index', Array)
#5 C:\xampp\htdocs\puskessoscgt\vendor\codeigniter4\framework\system\CodeIgniter.php(832): App\Controllers\Kis->index()
#6 C:\xampp\htdocs\puskessoscgt\vendor\codeigniter4\framework\system\CodeIgniter.php(419): CodeIgniter\CodeIgniter->runController(Object(App\Controllers\Kis))
#7 C:\xampp\htdocs\puskessoscgt\vendor\codeigniter4\framework\system\CodeIgniter.php(326): CodeIgniter\CodeIgniter->handleRequest(NULL, Object(Config\Cache), false)
#8 C:\xampp\htdocs\puskessoscgt\public\index.php(37): CodeIgniter\CodeIgniter->run()
#9 C:\xampp\htdocs\puskessoscgt\vendor\codeigniter4\framework\system\Commands\Server\rewrite.php(43): require_once('C:\\xampp\\htdocs...')
#10 {main}
CRITICAL - 2022-05-16 10:08:59 --> syntax error, unexpected ''apbd'' (T_CONSTANT_ENCAPSED_STRING), expecting ']'
#0 C:\xampp\htdocs\puskessoscgt\vendor\codeigniter4\framework\system\Router\Router.php(175): CodeIgniter\Router\Router->autoRoute('kis')
#1 C:\xampp\htdocs\puskessoscgt\vendor\codeigniter4\framework\system\CodeIgniter.php(726): CodeIgniter\Router\Router->handle('kis')
#2 C:\xampp\htdocs\puskessoscgt\vendor\codeigniter4\framework\system\CodeIgniter.php(368): CodeIgniter\CodeIgniter->tryToRouteIt(Object(CodeIgniter\Router\RouteCollection))
#3 C:\xampp\htdocs\puskessoscgt\vendor\codeigniter4\framework\system\CodeIgniter.php(326): CodeIgniter\CodeIgniter->handleRequest(NULL, Object(Config\Cache), false)
#4 C:\xampp\htdocs\puskessoscgt\public\index.php(37): CodeIgniter\CodeIgniter->run()
#5 C:\xampp\htdocs\puskessoscgt\vendor\codeigniter4\framework\system\Commands\Server\rewrite.php(43): require_once('C:\\xampp\\htdocs...')
#6 {main}
CRITICAL - 2022-05-16 10:15:11 --> Invalid file: user/index.php
#0 C:\xampp\htdocs\puskessoscgt\vendor\codeigniter4\framework\system\View\View.php(198): CodeIgniter\Exceptions\FrameworkException::forInvalidFile('user/index.php')
#1 C:\xampp\htdocs\puskessoscgt\vendor\codeigniter4\framework\system\Common.php(1089): CodeIgniter\View\View->render('user/index', Array, true)
#2 C:\xampp\htdocs\puskessoscgt\app\Controllers\User.php(15): view('user/index')
#3 C:\xampp\htdocs\puskessoscgt\vendor\codeigniter4\framework\system\CodeIgniter.php(832): App\Controllers\User->index()
#4 C:\xampp\htdocs\puskessoscgt\vendor\codeigniter4\framework\system\CodeIgniter.php(419): CodeIgniter\CodeIgniter->runController(Object(App\Controllers\User))
#5 C:\xampp\htdocs\puskessoscgt\vendor\codeigniter4\framework\system\CodeIgniter.php(326): CodeIgniter\CodeIgniter->handleRequest(NULL, Object(Config\Cache), false)
#6 C:\xampp\htdocs\puskessoscgt\public\index.php(37): CodeIgniter\CodeIgniter->run()
#7 C:\xampp\htdocs\puskessoscgt\vendor\codeigniter4\framework\system\Commands\Server\rewrite.php(43): require_once('C:\\xampp\\htdocs...')
#8 {main}
CRITICAL - 2022-05-16 10:22:33 --> Undefined variable: apbd
#0 C:\xampp\htdocs\puskessoscgt\app\Views\kis\index.php(37): CodeIgniter\Debug\Exceptions->errorHandler(8, 'Undefined varia...', 'C:\\xampp\\htdocs...', 37, Array)
#1 C:\xampp\htdocs\puskessoscgt\vendor\codeigniter4\framework\system\View\View.php(210): include('C:\\xampp\\htdocs...')
#2 C:\xampp\htdocs\puskessoscgt\vendor\codeigniter4\framework\system\View\View.php(213): CodeIgniter\View\View->CodeIgniter\View\{closure}()
#3 C:\xampp\htdocs\puskessoscgt\vendor\codeigniter4\framework\system\Common.php(1089): CodeIgniter\View\View->render('kis/index', Array, true)
#4 C:\xampp\htdocs\puskessoscgt\app\Controllers\Kis.php(20): view('kis/index', Array)
#5 C:\xampp\htdocs\puskessoscgt\vendor\codeigniter4\framework\system\CodeIgniter.php(832): App\Controllers\Kis->index()
#6 C:\xampp\htdocs\puskessoscgt\vendor\codeigniter4\framework\system\CodeIgniter.php(419): CodeIgniter\CodeIgniter->runController(Object(App\Controllers\Kis))
#7 C:\xampp\htdocs\puskessoscgt\vendor\codeigniter4\framework\system\CodeIgniter.php(326): CodeIgniter\CodeIgniter->handleRequest(NULL, Object(Config\Cache), false)
#8 C:\xampp\htdocs\puskessoscgt\public\index.php(37): CodeIgniter\CodeIgniter->run()
#9 C:\xampp\htdocs\puskessoscgt\vendor\codeigniter4\framework\system\Commands\Server\rewrite.php(43): require_once('C:\\xampp\\htdocs...')
#10 {main}
CRITICAL - 2022-05-16 10:28:05 --> Invalid argument supplied for foreach()
#0 C:\xampp\htdocs\puskessoscgt\app\Views\kis\search.php(26): CodeIgniter\Debug\Exceptions->errorHandler(2, 'Invalid argumen...', 'C:\\xampp\\htdocs...', 26, Array)
#1 C:\xampp\htdocs\puskessoscgt\vendor\codeigniter4\framework\system\View\View.php(210): include('C:\\xampp\\htdocs...')
#2 C:\xampp\htdocs\puskessoscgt\vendor\codeigniter4\framework\system\View\View.php(213): CodeIgniter\View\View->CodeIgniter\View\{closure}()
#3 C:\xampp\htdocs\puskessoscgt\vendor\codeigniter4\framework\system\Common.php(1089): CodeIgniter\View\View->render('kis/search', Array, true)
#4 C:\xampp\htdocs\puskessoscgt\app\Controllers\Kis.php(29): view('kis/search', Array)
#5 C:\xampp\htdocs\puskessoscgt\vendor\codeigniter4\framework\system\CodeIgniter.php(832): App\Controllers\Kis->search()
#6 C:\xampp\htdocs\puskessoscgt\vendor\codeigniter4\framework\system\CodeIgniter.php(419): CodeIgniter\CodeIgniter->runController(Object(App\Controllers\Kis))
#7 C:\xampp\htdocs\puskessoscgt\vendor\codeigniter4\framework\system\CodeIgniter.php(326): CodeIgniter\CodeIgniter->handleRequest(NULL, Object(Config\Cache), false)
#8 C:\xampp\htdocs\puskessoscgt\public\index.php(37): CodeIgniter\CodeIgniter->run()
#9 C:\xampp\htdocs\puskessoscgt\vendor\codeigniter4\framework\system\Commands\Server\rewrite.php(43): require_once('C:\\xampp\\htdocs...')
#10 {main}
CRITICAL - 2022-05-16 10:30:07 --> Undefined variable: validation
#0 C:\xampp\htdocs\puskessoscgt\app\Views\kis\index.php(21): CodeIgniter\Debug\Exceptions->errorHandler(8, 'Undefined varia...', 'C:\\xampp\\htdocs...', 21, Array)
#1 C:\xampp\htdocs\puskessoscgt\vendor\codeigniter4\framework\system\View\View.php(210): include('C:\\xampp\\htdocs...')
#2 C:\xampp\htdocs\puskessoscgt\vendor\codeigniter4\framework\system\View\View.php(213): CodeIgniter\View\View->CodeIgniter\View\{closure}()
#3 C:\xampp\htdocs\puskessoscgt\vendor\codeigniter4\framework\system\Common.php(1089): CodeIgniter\View\View->render('kis/index', Array, true)
#4 C:\xampp\htdocs\puskessoscgt\app\Controllers\Kis.php(20): view('kis/index', Array)
#5 C:\xampp\htdocs\puskessoscgt\vendor\codeigniter4\framework\system\CodeIgniter.php(832): App\Controllers\Kis->index()
#6 C:\xampp\htdocs\puskessoscgt\vendor\codeigniter4\framework\system\CodeIgniter.php(419): CodeIgniter\CodeIgniter->runController(Object(App\Controllers\Kis))
#7 C:\xampp\htdocs\puskessoscgt\vendor\codeigniter4\framework\system\CodeIgniter.php(326): CodeIgniter\CodeIgniter->handleRequest(NULL, Object(Config\Cache), false)
#8 C:\xampp\htdocs\puskessoscgt\public\index.php(37): CodeIgniter\CodeIgniter->run()
#9 C:\xampp\htdocs\puskessoscgt\vendor\codeigniter4\framework\system\Commands\Server\rewrite.php(43): require_once('C:\\xampp\\htdocs...')
#10 {main}
CRITICAL - 2022-05-16 10:30:38 --> Undefined variable: validation
#0 C:\xampp\htdocs\puskessoscgt\app\Views\kis\index.php(23): CodeIgniter\Debug\Exceptions->errorHandler(8, 'Undefined varia...', 'C:\\xampp\\htdocs...', 23, Array)
#1 C:\xampp\htdocs\puskessoscgt\vendor\codeigniter4\framework\system\View\View.php(210): include('C:\\xampp\\htdocs...')
#2 C:\xampp\htdocs\puskessoscgt\vendor\codeigniter4\framework\system\View\View.php(213): CodeIgniter\View\View->CodeIgniter\View\{closure}()
#3 C:\xampp\htdocs\puskessoscgt\vendor\codeigniter4\framework\system\Common.php(1089): CodeIgniter\View\View->render('kis/index', Array, true)
#4 C:\xampp\htdocs\puskessoscgt\app\Controllers\Kis.php(20): view('kis/index', Array)
#5 C:\xampp\htdocs\puskessoscgt\vendor\codeigniter4\framework\system\CodeIgniter.php(832): App\Controllers\Kis->index()
#6 C:\xampp\htdocs\puskessoscgt\vendor\codeigniter4\framework\system\CodeIgniter.php(419): CodeIgniter\CodeIgniter->runController(Object(App\Controllers\Kis))
#7 C:\xampp\htdocs\puskessoscgt\vendor\codeigniter4\framework\system\CodeIgniter.php(326): CodeIgniter\CodeIgniter->handleRequest(NULL, Object(Config\Cache), false)
#8 C:\xampp\htdocs\puskessoscgt\public\index.php(37): CodeIgniter\CodeIgniter->run()
#9 C:\xampp\htdocs\puskessoscgt\vendor\codeigniter4\framework\system\Commands\Server\rewrite.php(43): require_once('C:\\xampp\\htdocs...')
#10 {main}
CRITICAL - 2022-05-16 10:34:10 --> Trying to get property 'noka' of non-object
#0 C:\xampp\htdocs\puskessoscgt\app\Views\kis\search.php(28): CodeIgniter\Debug\Exceptions->errorHandler(8, 'Trying to get p...', 'C:\\xampp\\htdocs...', 28, Array)
#1 C:\xampp\htdocs\puskessoscgt\vendor\codeigniter4\framework\system\View\View.php(210): include('C:\\xampp\\htdocs...')
#2 C:\xampp\htdocs\puskessoscgt\vendor\codeigniter4\framework\system\View\View.php(213): CodeIgniter\View\View->CodeIgniter\View\{closure}()
#3 C:\xampp\htdocs\puskessoscgt\vendor\codeigniter4\framework\system\Common.php(1089): CodeIgniter\View\View->render('kis/search', Array, true)
#4 C:\xampp\htdocs\puskessoscgt\app\Controllers\Kis.php(29): view('kis/search', Array)
#5 C:\xampp\htdocs\puskessoscgt\vendor\codeigniter4\framework\system\CodeIgniter.php(832): App\Controllers\Kis->search()
#6 C:\xampp\htdocs\puskessoscgt\vendor\codeigniter4\framework\system\CodeIgniter.php(419): CodeIgniter\CodeIgniter->runController(Object(App\Controllers\Kis))
#7 C:\xampp\htdocs\puskessoscgt\vendor\codeigniter4\framework\system\CodeIgniter.php(326): CodeIgniter\CodeIgniter->handleRequest(NULL, Object(Config\Cache), false)
#8 C:\xampp\htdocs\puskessoscgt\public\index.php(37): CodeIgniter\CodeIgniter->run()
#9 C:\xampp\htdocs\puskessoscgt\vendor\codeigniter4\framework\system\Commands\Server\rewrite.php(43): require_once('C:\\xampp\\htdocs...')
#10 {main}
CRITICAL - 2022-05-16 10:35:36 --> Trying to get property 'noka' of non-object
#0 C:\xampp\htdocs\puskessoscgt\app\Views\kis\search.php(28): CodeIgniter\Debug\Exceptions->errorHandler(8, 'Trying to get p...', 'C:\\xampp\\htdocs...', 28, Array)
#1 C:\xampp\htdocs\puskessoscgt\vendor\codeigniter4\framework\system\View\View.php(210): include('C:\\xampp\\htdocs...')
#2 C:\xampp\htdocs\puskessoscgt\vendor\codeigniter4\framework\system\View\View.php(213): CodeIgniter\View\View->CodeIgniter\View\{closure}()
#3 C:\xampp\htdocs\puskessoscgt\vendor\codeigniter4\framework\system\Common.php(1089): CodeIgniter\View\View->render('kis/search', Array, true)
#4 C:\xampp\htdocs\puskessoscgt\app\Controllers\Kis.php(29): view('kis/search', Array)
#5 C:\xampp\htdocs\puskessoscgt\vendor\codeigniter4\framework\system\CodeIgniter.php(832): App\Controllers\Kis->search()
#6 C:\xampp\htdocs\puskessoscgt\vendor\codeigniter4\framework\system\CodeIgniter.php(419): CodeIgniter\CodeIgniter->runController(Object(App\Controllers\Kis))
#7 C:\xampp\htdocs\puskessoscgt\vendor\codeigniter4\framework\system\CodeIgniter.php(326): CodeIgniter\CodeIgniter->handleRequest(NULL, Object(Config\Cache), false)
#8 C:\xampp\htdocs\puskessoscgt\public\index.php(37): CodeIgniter\CodeIgniter->run()
#9 C:\xampp\htdocs\puskessoscgt\vendor\codeigniter4\framework\system\Commands\Server\rewrite.php(43): require_once('C:\\xampp\\htdocs...')
#10 {main}
CRITICAL - 2022-05-16 10:39:46 --> Trying to get property 'nik' of non-object
#0 C:\xampp\htdocs\puskessoscgt\app\Views\kis\search.php(29): CodeIgniter\Debug\Exceptions->errorHandler(8, 'Trying to get p...', 'C:\\xampp\\htdocs...', 29, Array)
#1 C:\xampp\htdocs\puskessoscgt\vendor\codeigniter4\framework\system\View\View.php(210): include('C:\\xampp\\htdocs...')
#2 C:\xampp\htdocs\puskessoscgt\vendor\codeigniter4\framework\system\View\View.php(213): CodeIgniter\View\View->CodeIgniter\View\{closure}()
#3 C:\xampp\htdocs\puskessoscgt\vendor\codeigniter4\framework\system\Common.php(1089): CodeIgniter\View\View->render('kis/search', Array, true)
#4 C:\xampp\htdocs\puskessoscgt\app\Controllers\Kis.php(29): view('kis/search', Array)
#5 C:\xampp\htdocs\puskessoscgt\vendor\codeigniter4\framework\system\CodeIgniter.php(832): App\Controllers\Kis->search()
#6 C:\xampp\htdocs\puskessoscgt\vendor\codeigniter4\framework\system\CodeIgniter.php(419): CodeIgniter\CodeIgniter->runController(Object(App\Controllers\Kis))
#7 C:\xampp\htdocs\puskessoscgt\vendor\codeigniter4\framework\system\CodeIgniter.php(326): CodeIgniter\CodeIgniter->handleRequest(NULL, Object(Config\Cache), false)
#8 C:\xampp\htdocs\puskessoscgt\public\index.php(37): CodeIgniter\CodeIgniter->run()
#9 C:\xampp\htdocs\puskessoscgt\vendor\codeigniter4\framework\system\Commands\Server\rewrite.php(43): require_once('C:\\xampp\\htdocs...')
#10 {main}
CRITICAL - 2022-05-16 10:40:21 --> Illegal string offset 'noka'
#0 C:\xampp\htdocs\puskessoscgt\app\Views\kis\search.php(28): CodeIgniter\Debug\Exceptions->errorHandler(2, 'Illegal string ...', 'C:\\xampp\\htdocs...', 28, Array)
#1 C:\xampp\htdocs\puskessoscgt\vendor\codeigniter4\framework\system\View\View.php(210): include('C:\\xampp\\htdocs...')
#2 C:\xampp\htdocs\puskessoscgt\vendor\codeigniter4\framework\system\View\View.php(213): CodeIgniter\View\View->CodeIgniter\View\{closure}()
#3 C:\xampp\htdocs\puskessoscgt\vendor\codeigniter4\framework\system\Common.php(1089): CodeIgniter\View\View->render('kis/search', Array, true)
#4 C:\xampp\htdocs\puskessoscgt\app\Controllers\Kis.php(29): view('kis/search', Array)
#5 C:\xampp\htdocs\puskessoscgt\vendor\codeigniter4\framework\system\CodeIgniter.php(832): App\Controllers\Kis->search()
#6 C:\xampp\htdocs\puskessoscgt\vendor\codeigniter4\framework\system\CodeIgniter.php(419): CodeIgniter\CodeIgniter->runController(Object(App\Controllers\Kis))
#7 C:\xampp\htdocs\puskessoscgt\vendor\codeigniter4\framework\system\CodeIgniter.php(326): CodeIgniter\CodeIgniter->handleRequest(NULL, Object(Config\Cache), false)
#8 C:\xampp\htdocs\puskessoscgt\public\index.php(37): CodeIgniter\CodeIgniter->run()
#9 C:\xampp\htdocs\puskessoscgt\vendor\codeigniter4\framework\system\Commands\Server\rewrite.php(43): require_once('C:\\xampp\\htdocs...')
#10 {main}
CRITICAL - 2022-05-16 10:42:23 --> Trying to get property 'noka' of non-object
#0 C:\xampp\htdocs\puskessoscgt\app\Views\kis\search.php(28): CodeIgniter\Debug\Exceptions->errorHandler(8, 'Trying to get p...', 'C:\\xampp\\htdocs...', 28, Array)
#1 C:\xampp\htdocs\puskessoscgt\vendor\codeigniter4\framework\system\View\View.php(210): include('C:\\xampp\\htdocs...')
#2 C:\xampp\htdocs\puskessoscgt\vendor\codeigniter4\framework\system\View\View.php(213): CodeIgniter\View\View->CodeIgniter\View\{closure}()
#3 C:\xampp\htdocs\puskessoscgt\vendor\codeigniter4\framework\system\Common.php(1089): CodeIgniter\View\View->render('kis/search', Array, true)
#4 C:\xampp\htdocs\puskessoscgt\app\Controllers\Kis.php(29): view('kis/search', Array)
#5 C:\xampp\htdocs\puskessoscgt\vendor\codeigniter4\framework\system\CodeIgniter.php(832): App\Controllers\Kis->search()
#6 C:\xampp\htdocs\puskessoscgt\vendor\codeigniter4\framework\system\CodeIgniter.php(419): CodeIgniter\CodeIgniter->runController(Object(App\Controllers\Kis))
#7 C:\xampp\htdocs\puskessoscgt\vendor\codeigniter4\framework\system\CodeIgniter.php(326): CodeIgniter\CodeIgniter->handleRequest(NULL, Object(Config\Cache), false)
#8 C:\xampp\htdocs\puskessoscgt\public\index.php(37): CodeIgniter\CodeIgniter->run()
#9 C:\xampp\htdocs\puskessoscgt\vendor\codeigniter4\framework\system\Commands\Server\rewrite.php(43): require_once('C:\\xampp\\htdocs...')
#10 {main}
CRITICAL - 2022-05-16 10:45:05 --> Invalid argument supplied for foreach()
#0 C:\xampp\htdocs\puskessoscgt\app\Views\kis\search.php(26): CodeIgniter\Debug\Exceptions->errorHandler(2, 'Invalid argumen...', 'C:\\xampp\\htdocs...', 26, Array)
#1 C:\xampp\htdocs\puskessoscgt\vendor\codeigniter4\framework\system\View\View.php(210): include('C:\\xampp\\htdocs...')
#2 C:\xampp\htdocs\puskessoscgt\vendor\codeigniter4\framework\system\View\View.php(213): CodeIgniter\View\View->CodeIgniter\View\{closure}()
#3 C:\xampp\htdocs\puskessoscgt\vendor\codeigniter4\framework\system\Common.php(1089): CodeIgniter\View\View->render('kis/search', Array, true)
#4 C:\xampp\htdocs\puskessoscgt\app\Controllers\Kis.php(30): view('kis/search', Array)
#5 C:\xampp\htdocs\puskessoscgt\vendor\codeigniter4\framework\system\CodeIgniter.php(832): App\Controllers\Kis->search()
#6 C:\xampp\htdocs\puskessoscgt\vendor\codeigniter4\framework\system\CodeIgniter.php(419): CodeIgniter\CodeIgniter->runController(Object(App\Controllers\Kis))
#7 C:\xampp\htdocs\puskessoscgt\vendor\codeigniter4\framework\system\CodeIgniter.php(326): CodeIgniter\CodeIgniter->handleRequest(NULL, Object(Config\Cache), false)
#8 C:\xampp\htdocs\puskessoscgt\public\index.php(37): CodeIgniter\CodeIgniter->run()
#9 C:\xampp\htdocs\puskessoscgt\vendor\codeigniter4\framework\system\Commands\Server\rewrite.php(43): require_once('C:\\xampp\\htdocs...')
#10 {main}
CRITICAL - 2022-05-16 10:48:01 --> Invalid argument supplied for foreach()
#0 C:\xampp\htdocs\puskessoscgt\app\Views\kis\search.php(26): CodeIgniter\Debug\Exceptions->errorHandler(2, 'Invalid argumen...', 'C:\\xampp\\htdocs...', 26, Array)
#1 C:\xampp\htdocs\puskessoscgt\vendor\codeigniter4\framework\system\View\View.php(210): include('C:\\xampp\\htdocs...')
#2 C:\xampp\htdocs\puskessoscgt\vendor\codeigniter4\framework\system\View\View.php(213): CodeIgniter\View\View->CodeIgniter\View\{closure}()
#3 C:\xampp\htdocs\puskessoscgt\vendor\codeigniter4\framework\system\Common.php(1089): CodeIgniter\View\View->render('kis/search', Array, true)
#4 C:\xampp\htdocs\puskessoscgt\app\Controllers\Kis.php(30): view('kis/search', Array)
#5 C:\xampp\htdocs\puskessoscgt\vendor\codeigniter4\framework\system\CodeIgniter.php(832): App\Controllers\Kis->search()
#6 C:\xampp\htdocs\puskessoscgt\vendor\codeigniter4\framework\system\CodeIgniter.php(419): CodeIgniter\CodeIgniter->runController(Object(App\Controllers\Kis))
#7 C:\xampp\htdocs\puskessoscgt\vendor\codeigniter4\framework\system\CodeIgniter.php(326): CodeIgniter\CodeIgniter->handleRequest(NULL, Object(Config\Cache), false)
#8 C:\xampp\htdocs\puskessoscgt\public\index.php(37): CodeIgniter\CodeIgniter->run()
#9 C:\xampp\htdocs\puskessoscgt\vendor\codeigniter4\framework\system\Commands\Server\rewrite.php(43): require_once('C:\\xampp\\htdocs...')
#10 {main}
CRITICAL - 2022-05-16 10:48:56 --> Trying to get property 'noka' of non-object
#0 C:\xampp\htdocs\puskessoscgt\app\Views\kis\search.php(28): CodeIgniter\Debug\Exceptions->errorHandler(8, 'Trying to get p...', 'C:\\xampp\\htdocs...', 28, Array)
#1 C:\xampp\htdocs\puskessoscgt\vendor\codeigniter4\framework\system\View\View.php(210): include('C:\\xampp\\htdocs...')
#2 C:\xampp\htdocs\puskessoscgt\vendor\codeigniter4\framework\system\View\View.php(213): CodeIgniter\View\View->CodeIgniter\View\{closure}()
#3 C:\xampp\htdocs\puskessoscgt\vendor\codeigniter4\framework\system\Common.php(1089): CodeIgniter\View\View->render('kis/search', Array, true)
#4 C:\xampp\htdocs\puskessoscgt\app\Controllers\Kis.php(30): view('kis/search', Array)
#5 C:\xampp\htdocs\puskessoscgt\vendor\codeigniter4\framework\system\CodeIgniter.php(832): App\Controllers\Kis->search()
#6 C:\xampp\htdocs\puskessoscgt\vendor\codeigniter4\framework\system\CodeIgniter.php(419): CodeIgniter\CodeIgniter->runController(Object(App\Controllers\Kis))
#7 C:\xampp\htdocs\puskessoscgt\vendor\codeigniter4\framework\system\CodeIgniter.php(326): CodeIgniter\CodeIgniter->handleRequest(NULL, Object(Config\Cache), false)
#8 C:\xampp\htdocs\puskessoscgt\public\index.php(37): CodeIgniter\CodeIgniter->run()
#9 C:\xampp\htdocs\puskessoscgt\vendor\codeigniter4\framework\system\Commands\Server\rewrite.php(43): require_once('C:\\xampp\\htdocs...')
#10 {main}
CRITICAL - 2022-05-16 10:49:27 --> Trying to get property 'noka' of non-object
#0 C:\xampp\htdocs\puskessoscgt\app\Views\kis\search.php(28): CodeIgniter\Debug\Exceptions->errorHandler(8, 'Trying to get p...', 'C:\\xampp\\htdocs...', 28, Array)
#1 C:\xampp\htdocs\puskessoscgt\vendor\codeigniter4\framework\system\View\View.php(210): include('C:\\xampp\\htdocs...')
#2 C:\xampp\htdocs\puskessoscgt\vendor\codeigniter4\framework\system\View\View.php(213): CodeIgniter\View\View->CodeIgniter\View\{closure}()
#3 C:\xampp\htdocs\puskessoscgt\vendor\codeigniter4\framework\system\Common.php(1089): CodeIgniter\View\View->render('kis/search', Array, true)
#4 C:\xampp\htdocs\puskessoscgt\app\Controllers\Kis.php(30): view('kis/search', Array)
#5 C:\xampp\htdocs\puskessoscgt\vendor\codeigniter4\framework\system\CodeIgniter.php(832): App\Controllers\Kis->search()
#6 C:\xampp\htdocs\puskessoscgt\vendor\codeigniter4\framework\system\CodeIgniter.php(419): CodeIgniter\CodeIgniter->runController(Object(App\Controllers\Kis))
#7 C:\xampp\htdocs\puskessoscgt\vendor\codeigniter4\framework\system\CodeIgniter.php(326): CodeIgniter\CodeIgniter->handleRequest(NULL, Object(Config\Cache), false)
#8 C:\xampp\htdocs\puskessoscgt\public\index.php(37): CodeIgniter\CodeIgniter->run()
#9 C:\xampp\htdocs\puskessoscgt\vendor\codeigniter4\framework\system\Commands\Server\rewrite.php(43): require_once('C:\\xampp\\htdocs...')
#10 {main}
CRITICAL - 2022-05-16 10:53:20 --> Trying to get property 'noka' of non-object
#0 C:\xampp\htdocs\puskessoscgt\app\Views\kis\search.php(28): CodeIgniter\Debug\Exceptions->errorHandler(8, 'Trying to get p...', 'C:\\xampp\\htdocs...', 28, Array)
#1 C:\xampp\htdocs\puskessoscgt\vendor\codeigniter4\framework\system\View\View.php(210): include('C:\\xampp\\htdocs...')
#2 C:\xampp\htdocs\puskessoscgt\vendor\codeigniter4\framework\system\View\View.php(213): CodeIgniter\View\View->CodeIgniter\View\{closure}()
#3 C:\xampp\htdocs\puskessoscgt\vendor\codeigniter4\framework\system\Common.php(1089): CodeIgniter\View\View->render('kis/search', Array, true)
#4 C:\xampp\htdocs\puskessoscgt\app\Controllers\Kis.php(30): view('kis/search', Array)
#5 C:\xampp\htdocs\puskessoscgt\vendor\codeigniter4\framework\system\CodeIgniter.php(832): App\Controllers\Kis->search()
#6 C:\xampp\htdocs\puskessoscgt\vendor\codeigniter4\framework\system\CodeIgniter.php(419): CodeIgniter\CodeIgniter->runController(Object(App\Controllers\Kis))
#7 C:\xampp\htdocs\puskessoscgt\vendor\codeigniter4\framework\system\CodeIgniter.php(326): CodeIgniter\CodeIgniter->handleRequest(NULL, Object(Config\Cache), false)
#8 C:\xampp\htdocs\puskessoscgt\public\index.php(37): CodeIgniter\CodeIgniter->run()
#9 C:\xampp\htdocs\puskessoscgt\vendor\codeigniter4\framework\system\Commands\Server\rewrite.php(43): require_once('C:\\xampp\\htdocs...')
#10 {main}
CRITICAL - 2022-05-16 10:56:19 --> Illegal string offset 'noka'
#0 C:\xampp\htdocs\puskessoscgt\app\Views\kis\search.php(28): CodeIgniter\Debug\Exceptions->errorHandler(2, 'Illegal string ...', 'C:\\xampp\\htdocs...', 28, Array)
#1 C:\xampp\htdocs\puskessoscgt\vendor\codeigniter4\framework\system\View\View.php(210): include('C:\\xampp\\htdocs...')
#2 C:\xampp\htdocs\puskessoscgt\vendor\codeigniter4\framework\system\View\View.php(213): CodeIgniter\View\View->CodeIgniter\View\{closure}()
#3 C:\xampp\htdocs\puskessoscgt\vendor\codeigniter4\framework\system\Common.php(1089): CodeIgniter\View\View->render('kis/search', Array, true)
#4 C:\xampp\htdocs\puskessoscgt\app\Controllers\Kis.php(30): view('kis/search', Array)
#5 C:\xampp\htdocs\puskessoscgt\vendor\codeigniter4\framework\system\CodeIgniter.php(832): App\Controllers\Kis->search()
#6 C:\xampp\htdocs\puskessoscgt\vendor\codeigniter4\framework\system\CodeIgniter.php(419): CodeIgniter\CodeIgniter->runController(Object(App\Controllers\Kis))
#7 C:\xampp\htdocs\puskessoscgt\vendor\codeigniter4\framework\system\CodeIgniter.php(326): CodeIgniter\CodeIgniter->handleRequest(NULL, Object(Config\Cache), false)
#8 C:\xampp\htdocs\puskessoscgt\public\index.php(37): CodeIgniter\CodeIgniter->run()
#9 C:\xampp\htdocs\puskessoscgt\vendor\codeigniter4\framework\system\Commands\Server\rewrite.php(43): require_once('C:\\xampp\\htdocs...')
#10 {main}
CRITICAL - 2022-05-16 11:00:15 --> Trying to get property 'noka' of non-object
#0 C:\xampp\htdocs\puskessoscgt\app\Views\kis\search.php(28): CodeIgniter\Debug\Exceptions->errorHandler(8, 'Trying to get p...', 'C:\\xampp\\htdocs...', 28, Array)
#1 C:\xampp\htdocs\puskessoscgt\vendor\codeigniter4\framework\system\View\View.php(210): include('C:\\xampp\\htdocs...')
#2 C:\xampp\htdocs\puskessoscgt\vendor\codeigniter4\framework\system\View\View.php(213): CodeIgniter\View\View->CodeIgniter\View\{closure}()
#3 C:\xampp\htdocs\puskessoscgt\vendor\codeigniter4\framework\system\Common.php(1089): CodeIgniter\View\View->render('kis/search', Array, true)
#4 C:\xampp\htdocs\puskessoscgt\app\Controllers\Kis.php(30): view('kis/search', Array)
#5 C:\xampp\htdocs\puskessoscgt\vendor\codeigniter4\framework\system\CodeIgniter.php(832): App\Controllers\Kis->search()
#6 C:\xampp\htdocs\puskessoscgt\vendor\codeigniter4\framework\system\CodeIgniter.php(419): CodeIgniter\CodeIgniter->runController(Object(App\Controllers\Kis))
#7 C:\xampp\htdocs\puskessoscgt\vendor\codeigniter4\framework\system\CodeIgniter.php(326): CodeIgniter\CodeIgniter->handleRequest(NULL, Object(Config\Cache), false)
#8 C:\xampp\htdocs\puskessoscgt\public\index.php(37): CodeIgniter\CodeIgniter->run()
#9 C:\xampp\htdocs\puskessoscgt\vendor\codeigniter4\framework\system\Commands\Server\rewrite.php(43): require_once('C:\\xampp\\htdocs...')
#10 {main}
CRITICAL - 2022-05-16 11:04:23 --> Trying to get property 'noka' of non-object
#0 C:\xampp\htdocs\puskessoscgt\app\Views\kis\search.php(28): CodeIgniter\Debug\Exceptions->errorHandler(8, 'Trying to get p...', 'C:\\xampp\\htdocs...', 28, Array)
#1 C:\xampp\htdocs\puskessoscgt\vendor\codeigniter4\framework\system\View\View.php(210): include('C:\\xampp\\htdocs...')
#2 C:\xampp\htdocs\puskessoscgt\vendor\codeigniter4\framework\system\View\View.php(213): CodeIgniter\View\View->CodeIgniter\View\{closure}()
#3 C:\xampp\htdocs\puskessoscgt\vendor\codeigniter4\framework\system\Common.php(1089): CodeIgniter\View\View->render('kis/search', Array, true)
#4 C:\xampp\htdocs\puskessoscgt\app\Controllers\Kis.php(30): view('kis/search', Array)
#5 C:\xampp\htdocs\puskessoscgt\vendor\codeigniter4\framework\system\CodeIgniter.php(832): App\Controllers\Kis->search()
#6 C:\xampp\htdocs\puskessoscgt\vendor\codeigniter4\framework\system\CodeIgniter.php(419): CodeIgniter\CodeIgniter->runController(Object(App\Controllers\Kis))
#7 C:\xampp\htdocs\puskessoscgt\vendor\codeigniter4\framework\system\CodeIgniter.php(326): CodeIgniter\CodeIgniter->handleRequest(NULL, Object(Config\Cache), false)
#8 C:\xampp\htdocs\puskessoscgt\public\index.php(37): CodeIgniter\CodeIgniter->run()
#9 C:\xampp\htdocs\puskessoscgt\vendor\codeigniter4\framework\system\Commands\Server\rewrite.php(43): require_once('C:\\xampp\\htdocs...')
#10 {main}
