CRITICAL - 2022-05-20 02:44:15 --> Trying to get property 'id' of non-object
#0 C:\xampp\htdocs\puskessoscgt\app\Views\template\sidebar.php(40): CodeIgniter\Debug\Exceptions->errorHandler(8, 'Trying to get p...', 'C:\\xampp\\htdocs...', 40, Array)
#1 C:\xampp\htdocs\puskessoscgt\vendor\codeigniter4\framework\system\View\View.php(210): include('C:\\xampp\\htdocs...')
#2 C:\xampp\htdocs\puskessoscgt\vendor\codeigniter4\framework\system\View\View.php(213): CodeIgniter\View\View->CodeIgniter\View\{closure}()
#3 C:\xampp\htdocs\puskessoscgt\vendor\codeigniter4\framework\system\View\View.php(424): CodeIgniter\View\View->render('template/sideba...', NULL, true)
#4 C:\xampp\htdocs\puskessoscgt\app\Views\template\index.php(18): CodeIgniter\View\View->include('template/sideba...')
#5 C:\xampp\htdocs\puskessoscgt\vendor\codeigniter4\framework\system\View\View.php(210): include('C:\\xampp\\htdocs...')
#6 C:\xampp\htdocs\puskessoscgt\vendor\codeigniter4\framework\system\View\View.php(213): CodeIgniter\View\View->CodeIgniter\View\{closure}()
#7 C:\xampp\htdocs\puskessoscgt\vendor\codeigniter4\framework\system\View\View.php(226): CodeIgniter\View\View->render('template/index', Array, true)
#8 C:\xampp\htdocs\puskessoscgt\vendor\codeigniter4\framework\system\Common.php(1089): CodeIgniter\View\View->render('kis/index', Array, true)
#9 C:\xampp\htdocs\puskessoscgt\app\Controllers\Kis.php(99): view('kis/index', Array)
#10 C:\xampp\htdocs\puskessoscgt\vendor\codeigniter4\framework\system\CodeIgniter.php(832): App\Controllers\Kis->usul()
#11 C:\xampp\htdocs\puskessoscgt\vendor\codeigniter4\framework\system\CodeIgniter.php(419): CodeIgniter\CodeIgniter->runController(Object(App\Controllers\Kis))
#12 C:\xampp\htdocs\puskessoscgt\vendor\codeigniter4\framework\system\CodeIgniter.php(326): CodeIgniter\CodeIgniter->handleRequest(NULL, Object(Config\Cache), false)
#13 C:\xampp\htdocs\puskessoscgt\public\index.php(37): CodeIgniter\CodeIgniter->run()
#14 C:\xampp\htdocs\puskessoscgt\vendor\codeigniter4\framework\system\Commands\Server\rewrite.php(43): require_once('C:\\xampp\\htdocs...')
#15 {main}
CRITICAL - 2022-05-20 02:45:29 --> Invalid file: user/topbar.php
#0 C:\xampp\htdocs\puskessoscgt\vendor\codeigniter4\framework\system\View\View.php(198): CodeIgniter\Exceptions\FrameworkException::forInvalidFile('user/topbar.php')
#1 C:\xampp\htdocs\puskessoscgt\vendor\codeigniter4\framework\system\View\View.php(424): CodeIgniter\View\View->render('user/topbar', NULL, true)
#2 C:\xampp\htdocs\puskessoscgt\app\Views\kis\DataUsulan.php(8): CodeIgniter\View\View->include('user/topbar')
#3 C:\xampp\htdocs\puskessoscgt\vendor\codeigniter4\framework\system\View\View.php(210): include('C:\\xampp\\htdocs...')
#4 C:\xampp\htdocs\puskessoscgt\vendor\codeigniter4\framework\system\View\View.php(213): CodeIgniter\View\View->CodeIgniter\View\{closure}()
#5 C:\xampp\htdocs\puskessoscgt\vendor\codeigniter4\framework\system\Common.php(1089): CodeIgniter\View\View->render('kis/DataUsulan', Array, true)
#6 C:\xampp\htdocs\puskessoscgt\app\Controllers\Kis.php(99): view('kis/DataUsulan', Array)
#7 C:\xampp\htdocs\puskessoscgt\vendor\codeigniter4\framework\system\CodeIgniter.php(832): App\Controllers\Kis->usul()
#8 C:\xampp\htdocs\puskessoscgt\vendor\codeigniter4\framework\system\CodeIgniter.php(419): CodeIgniter\CodeIgniter->runController(Object(App\Controllers\Kis))
#9 C:\xampp\htdocs\puskessoscgt\vendor\codeigniter4\framework\system\CodeIgniter.php(326): CodeIgniter\CodeIgniter->handleRequest(NULL, Object(Config\Cache), false)
#10 C:\xampp\htdocs\puskessoscgt\public\index.php(37): CodeIgniter\CodeIgniter->run()
#11 C:\xampp\htdocs\puskessoscgt\vendor\codeigniter4\framework\system\Commands\Server\rewrite.php(43): require_once('C:\\xampp\\htdocs...')
#12 {main}
CRITICAL - 2022-05-20 02:46:09 --> Trying to get property 'id' of non-object
#0 C:\xampp\htdocs\puskessoscgt\app\Views\template\sidebar.php(40): CodeIgniter\Debug\Exceptions->errorHandler(8, 'Trying to get p...', 'C:\\xampp\\htdocs...', 40, Array)
#1 C:\xampp\htdocs\puskessoscgt\vendor\codeigniter4\framework\system\View\View.php(210): include('C:\\xampp\\htdocs...')
#2 C:\xampp\htdocs\puskessoscgt\vendor\codeigniter4\framework\system\View\View.php(213): CodeIgniter\View\View->CodeIgniter\View\{closure}()
#3 C:\xampp\htdocs\puskessoscgt\vendor\codeigniter4\framework\system\View\View.php(424): CodeIgniter\View\View->render('template/sideba...', NULL, true)
#4 C:\xampp\htdocs\puskessoscgt\app\Views\template\index.php(18): CodeIgniter\View\View->include('template/sideba...')
#5 C:\xampp\htdocs\puskessoscgt\vendor\codeigniter4\framework\system\View\View.php(210): include('C:\\xampp\\htdocs...')
#6 C:\xampp\htdocs\puskessoscgt\vendor\codeigniter4\framework\system\View\View.php(213): CodeIgniter\View\View->CodeIgniter\View\{closure}()
#7 C:\xampp\htdocs\puskessoscgt\vendor\codeigniter4\framework\system\View\View.php(226): CodeIgniter\View\View->render('template/index', Array, true)
#8 C:\xampp\htdocs\puskessoscgt\vendor\codeigniter4\framework\system\Common.php(1089): CodeIgniter\View\View->render('kis/DataUsulan', Array, true)
#9 C:\xampp\htdocs\puskessoscgt\app\Controllers\Kis.php(99): view('kis/DataUsulan', Array)
#10 C:\xampp\htdocs\puskessoscgt\vendor\codeigniter4\framework\system\CodeIgniter.php(832): App\Controllers\Kis->usul()
#11 C:\xampp\htdocs\puskessoscgt\vendor\codeigniter4\framework\system\CodeIgniter.php(419): CodeIgniter\CodeIgniter->runController(Object(App\Controllers\Kis))
#12 C:\xampp\htdocs\puskessoscgt\vendor\codeigniter4\framework\system\CodeIgniter.php(326): CodeIgniter\CodeIgniter->handleRequest(NULL, Object(Config\Cache), false)
#13 C:\xampp\htdocs\puskessoscgt\public\index.php(37): CodeIgniter\CodeIgniter->run()
#14 C:\xampp\htdocs\puskessoscgt\vendor\codeigniter4\framework\system\Commands\Server\rewrite.php(43): require_once('C:\\xampp\\htdocs...')
#15 {main}
ERROR - 2022-05-20 03:49:11 --> You have an error in your SQL syntax; check the manual that corresponds to your MariaDB server version for the right syntax to use near 'IS NULL
AND `tanggal` < IS NULL' at line 3
CRITICAL - 2022-05-20 03:49:11 --> You have an error in your SQL syntax; check the manual that corresponds to your MariaDB server version for the right syntax to use near 'IS NULL
AND `tanggal` < IS NULL' at line 3
#0 C:\xampp\htdocs\puskessoscgt\vendor\codeigniter4\framework\system\Database\MySQLi\Connection.php(292): mysqli->query('SELECT `users`....', 0)
#1 C:\xampp\htdocs\puskessoscgt\vendor\codeigniter4\framework\system\Database\BaseConnection.php(670): CodeIgniter\Database\MySQLi\Connection->execute('SELECT `users`....')
#2 C:\xampp\htdocs\puskessoscgt\vendor\codeigniter4\framework\system\Database\BaseConnection.php(598): CodeIgniter\Database\BaseConnection->simpleQuery('SELECT `users`....')
#3 C:\xampp\htdocs\puskessoscgt\vendor\codeigniter4\framework\system\Database\BaseBuilder.php(1455): CodeIgniter\Database\BaseConnection->query('SELECT `users`....', Array, false)
#4 C:\xampp\htdocs\puskessoscgt\app\Controllers\Kis.php(106): CodeIgniter\Database\BaseBuilder->get()
#5 C:\xampp\htdocs\puskessoscgt\vendor\codeigniter4\framework\system\CodeIgniter.php(832): App\Controllers\Kis->usul()
#6 C:\xampp\htdocs\puskessoscgt\vendor\codeigniter4\framework\system\CodeIgniter.php(419): CodeIgniter\CodeIgniter->runController(Object(App\Controllers\Kis))
#7 C:\xampp\htdocs\puskessoscgt\vendor\codeigniter4\framework\system\CodeIgniter.php(326): CodeIgniter\CodeIgniter->handleRequest(NULL, Object(Config\Cache), false)
#8 C:\xampp\htdocs\puskessoscgt\public\index.php(37): CodeIgniter\CodeIgniter->run()
#9 C:\xampp\htdocs\puskessoscgt\vendor\codeigniter4\framework\system\Commands\Server\rewrite.php(43): require_once('C:\\xampp\\htdocs...')
#10 {main}
CRITICAL - 2022-05-20 03:54:43 --> Undefined variable: tampildata
#0 C:\xampp\htdocs\puskessoscgt\app\Views\kis\DataUsulan.php(67): CodeIgniter\Debug\Exceptions->errorHandler(8, 'Undefined varia...', 'C:\\xampp\\htdocs...', 67, Array)
#1 C:\xampp\htdocs\puskessoscgt\vendor\codeigniter4\framework\system\View\View.php(210): include('C:\\xampp\\htdocs...')
#2 C:\xampp\htdocs\puskessoscgt\vendor\codeigniter4\framework\system\View\View.php(213): CodeIgniter\View\View->CodeIgniter\View\{closure}()
#3 C:\xampp\htdocs\puskessoscgt\vendor\codeigniter4\framework\system\Common.php(1089): CodeIgniter\View\View->render('kis/DataUsulan', Array, true)
#4 C:\xampp\htdocs\puskessoscgt\app\Controllers\Kis.php(100): view('kis/DataUsulan', Array)
#5 C:\xampp\htdocs\puskessoscgt\vendor\codeigniter4\framework\system\CodeIgniter.php(832): App\Controllers\Kis->usul()
#6 C:\xampp\htdocs\puskessoscgt\vendor\codeigniter4\framework\system\CodeIgniter.php(419): CodeIgniter\CodeIgniter->runController(Object(App\Controllers\Kis))
#7 C:\xampp\htdocs\puskessoscgt\vendor\codeigniter4\framework\system\CodeIgniter.php(326): CodeIgniter\CodeIgniter->handleRequest(NULL, Object(Config\Cache), false)
#8 C:\xampp\htdocs\puskessoscgt\public\index.php(37): CodeIgniter\CodeIgniter->run()
#9 C:\xampp\htdocs\puskessoscgt\vendor\codeigniter4\framework\system\Commands\Server\rewrite.php(43): require_once('C:\\xampp\\htdocs...')
#10 {main}
CRITICAL - 2022-05-20 03:56:24 --> Undefined variable: tampildata
#0 C:\xampp\htdocs\puskessoscgt\app\Views\kis\DataUsulan.php(67): CodeIgniter\Debug\Exceptions->errorHandler(8, 'Undefined varia...', 'C:\\xampp\\htdocs...', 67, Array)
#1 C:\xampp\htdocs\puskessoscgt\vendor\codeigniter4\framework\system\View\View.php(210): include('C:\\xampp\\htdocs...')
#2 C:\xampp\htdocs\puskessoscgt\vendor\codeigniter4\framework\system\View\View.php(213): CodeIgniter\View\View->CodeIgniter\View\{closure}()
#3 C:\xampp\htdocs\puskessoscgt\vendor\codeigniter4\framework\system\Common.php(1089): CodeIgniter\View\View->render('kis/DataUsulan', Array, true)
#4 C:\xampp\htdocs\puskessoscgt\app\Controllers\Kis.php(100): view('kis/DataUsulan', Array)
#5 C:\xampp\htdocs\puskessoscgt\vendor\codeigniter4\framework\system\CodeIgniter.php(832): App\Controllers\Kis->usul()
#6 C:\xampp\htdocs\puskessoscgt\vendor\codeigniter4\framework\system\CodeIgniter.php(419): CodeIgniter\CodeIgniter->runController(Object(App\Controllers\Kis))
#7 C:\xampp\htdocs\puskessoscgt\vendor\codeigniter4\framework\system\CodeIgniter.php(326): CodeIgniter\CodeIgniter->handleRequest(NULL, Object(Config\Cache), false)
#8 C:\xampp\htdocs\puskessoscgt\public\index.php(37): CodeIgniter\CodeIgniter->run()
#9 C:\xampp\htdocs\puskessoscgt\vendor\codeigniter4\framework\system\Commands\Server\rewrite.php(43): require_once('C:\\xampp\\htdocs...')
#10 {main}
CRITICAL - 2022-05-20 03:59:24 --> Undefined variable: tampildate
#0 C:\xampp\htdocs\puskessoscgt\app\Views\kis\DataUsulan.php(67): CodeIgniter\Debug\Exceptions->errorHandler(8, 'Undefined varia...', 'C:\\xampp\\htdocs...', 67, Array)
#1 C:\xampp\htdocs\puskessoscgt\vendor\codeigniter4\framework\system\View\View.php(210): include('C:\\xampp\\htdocs...')
#2 C:\xampp\htdocs\puskessoscgt\vendor\codeigniter4\framework\system\View\View.php(213): CodeIgniter\View\View->CodeIgniter\View\{closure}()
#3 C:\xampp\htdocs\puskessoscgt\vendor\codeigniter4\framework\system\Common.php(1089): CodeIgniter\View\View->render('kis/DataUsulan', Array, true)
#4 C:\xampp\htdocs\puskessoscgt\app\Controllers\Kis.php(100): view('kis/DataUsulan', Array)
#5 C:\xampp\htdocs\puskessoscgt\vendor\codeigniter4\framework\system\CodeIgniter.php(832): App\Controllers\Kis->usul()
#6 C:\xampp\htdocs\puskessoscgt\vendor\codeigniter4\framework\system\CodeIgniter.php(419): CodeIgniter\CodeIgniter->runController(Object(App\Controllers\Kis))
#7 C:\xampp\htdocs\puskessoscgt\vendor\codeigniter4\framework\system\CodeIgniter.php(326): CodeIgniter\CodeIgniter->handleRequest(NULL, Object(Config\Cache), false)
#8 C:\xampp\htdocs\puskessoscgt\public\index.php(37): CodeIgniter\CodeIgniter->run()
#9 C:\xampp\htdocs\puskessoscgt\vendor\codeigniter4\framework\system\Commands\Server\rewrite.php(43): require_once('C:\\xampp\\htdocs...')
#10 {main}
CRITICAL - 2022-05-20 03:59:49 --> Undefined variable: tampildata
#0 C:\xampp\htdocs\puskessoscgt\app\Views\kis\DataUsulan.php(67): CodeIgniter\Debug\Exceptions->errorHandler(8, 'Undefined varia...', 'C:\\xampp\\htdocs...', 67, Array)
#1 C:\xampp\htdocs\puskessoscgt\vendor\codeigniter4\framework\system\View\View.php(210): include('C:\\xampp\\htdocs...')
#2 C:\xampp\htdocs\puskessoscgt\vendor\codeigniter4\framework\system\View\View.php(213): CodeIgniter\View\View->CodeIgniter\View\{closure}()
#3 C:\xampp\htdocs\puskessoscgt\vendor\codeigniter4\framework\system\Common.php(1089): CodeIgniter\View\View->render('kis/DataUsulan', Array, true)
#4 C:\xampp\htdocs\puskessoscgt\app\Controllers\Kis.php(100): view('kis/DataUsulan', Array)
#5 C:\xampp\htdocs\puskessoscgt\vendor\codeigniter4\framework\system\CodeIgniter.php(832): App\Controllers\Kis->usul()
#6 C:\xampp\htdocs\puskessoscgt\vendor\codeigniter4\framework\system\CodeIgniter.php(419): CodeIgniter\CodeIgniter->runController(Object(App\Controllers\Kis))
#7 C:\xampp\htdocs\puskessoscgt\vendor\codeigniter4\framework\system\CodeIgniter.php(326): CodeIgniter\CodeIgniter->handleRequest(NULL, Object(Config\Cache), false)
#8 C:\xampp\htdocs\puskessoscgt\public\index.php(37): CodeIgniter\CodeIgniter->run()
#9 C:\xampp\htdocs\puskessoscgt\vendor\codeigniter4\framework\system\Commands\Server\rewrite.php(43): require_once('C:\\xampp\\htdocs...')
#10 {main}
CRITICAL - 2022-05-20 04:00:43 --> Undefined variable: tampildata
#0 C:\xampp\htdocs\puskessoscgt\app\Views\kis\DataUsulan.php(68): CodeIgniter\Debug\Exceptions->errorHandler(8, 'Undefined varia...', 'C:\\xampp\\htdocs...', 68, Array)
#1 C:\xampp\htdocs\puskessoscgt\vendor\codeigniter4\framework\system\View\View.php(210): include('C:\\xampp\\htdocs...')
#2 C:\xampp\htdocs\puskessoscgt\vendor\codeigniter4\framework\system\View\View.php(213): CodeIgniter\View\View->CodeIgniter\View\{closure}()
#3 C:\xampp\htdocs\puskessoscgt\vendor\codeigniter4\framework\system\Common.php(1089): CodeIgniter\View\View->render('kis/DataUsulan', Array, true)
#4 C:\xampp\htdocs\puskessoscgt\app\Controllers\Kis.php(100): view('kis/DataUsulan', Array)
#5 C:\xampp\htdocs\puskessoscgt\vendor\codeigniter4\framework\system\CodeIgniter.php(832): App\Controllers\Kis->usul()
#6 C:\xampp\htdocs\puskessoscgt\vendor\codeigniter4\framework\system\CodeIgniter.php(419): CodeIgniter\CodeIgniter->runController(Object(App\Controllers\Kis))
#7 C:\xampp\htdocs\puskessoscgt\vendor\codeigniter4\framework\system\CodeIgniter.php(326): CodeIgniter\CodeIgniter->handleRequest(NULL, Object(Config\Cache), false)
#8 C:\xampp\htdocs\puskessoscgt\public\index.php(37): CodeIgniter\CodeIgniter->run()
#9 C:\xampp\htdocs\puskessoscgt\vendor\codeigniter4\framework\system\Commands\Server\rewrite.php(43): require_once('C:\\xampp\\htdocs...')
#10 {main}
CRITICAL - 2022-05-20 04:01:12 --> Undefined variable: tampildata
#0 C:\xampp\htdocs\puskessoscgt\app\Views\kis\DataUsulan.php(68): CodeIgniter\Debug\Exceptions->errorHandler(8, 'Undefined varia...', 'C:\\xampp\\htdocs...', 68, Array)
#1 C:\xampp\htdocs\puskessoscgt\vendor\codeigniter4\framework\system\View\View.php(210): include('C:\\xampp\\htdocs...')
#2 C:\xampp\htdocs\puskessoscgt\vendor\codeigniter4\framework\system\View\View.php(213): CodeIgniter\View\View->CodeIgniter\View\{closure}()
#3 C:\xampp\htdocs\puskessoscgt\vendor\codeigniter4\framework\system\Common.php(1089): CodeIgniter\View\View->render('kis/DataUsulan', Array, true)
#4 C:\xampp\htdocs\puskessoscgt\app\Controllers\Kis.php(100): view('kis/DataUsulan', Array)
#5 C:\xampp\htdocs\puskessoscgt\vendor\codeigniter4\framework\system\CodeIgniter.php(832): App\Controllers\Kis->usul()
#6 C:\xampp\htdocs\puskessoscgt\vendor\codeigniter4\framework\system\CodeIgniter.php(419): CodeIgniter\CodeIgniter->runController(Object(App\Controllers\Kis))
#7 C:\xampp\htdocs\puskessoscgt\vendor\codeigniter4\framework\system\CodeIgniter.php(326): CodeIgniter\CodeIgniter->handleRequest(NULL, Object(Config\Cache), false)
#8 C:\xampp\htdocs\puskessoscgt\public\index.php(37): CodeIgniter\CodeIgniter->run()
#9 C:\xampp\htdocs\puskessoscgt\vendor\codeigniter4\framework\system\Commands\Server\rewrite.php(43): require_once('C:\\xampp\\htdocs...')
#10 {main}
CRITICAL - 2022-05-20 04:01:13 --> Undefined variable: tampildata
#0 C:\xampp\htdocs\puskessoscgt\app\Views\kis\DataUsulan.php(68): CodeIgniter\Debug\Exceptions->errorHandler(8, 'Undefined varia...', 'C:\\xampp\\htdocs...', 68, Array)
#1 C:\xampp\htdocs\puskessoscgt\vendor\codeigniter4\framework\system\View\View.php(210): include('C:\\xampp\\htdocs...')
#2 C:\xampp\htdocs\puskessoscgt\vendor\codeigniter4\framework\system\View\View.php(213): CodeIgniter\View\View->CodeIgniter\View\{closure}()
#3 C:\xampp\htdocs\puskessoscgt\vendor\codeigniter4\framework\system\Common.php(1089): CodeIgniter\View\View->render('kis/DataUsulan', Array, true)
#4 C:\xampp\htdocs\puskessoscgt\app\Controllers\Kis.php(100): view('kis/DataUsulan', Array)
#5 C:\xampp\htdocs\puskessoscgt\vendor\codeigniter4\framework\system\CodeIgniter.php(832): App\Controllers\Kis->usul()
#6 C:\xampp\htdocs\puskessoscgt\vendor\codeigniter4\framework\system\CodeIgniter.php(419): CodeIgniter\CodeIgniter->runController(Object(App\Controllers\Kis))
#7 C:\xampp\htdocs\puskessoscgt\vendor\codeigniter4\framework\system\CodeIgniter.php(326): CodeIgniter\CodeIgniter->handleRequest(NULL, Object(Config\Cache), false)
#8 C:\xampp\htdocs\puskessoscgt\public\index.php(37): CodeIgniter\CodeIgniter->run()
#9 C:\xampp\htdocs\puskessoscgt\vendor\codeigniter4\framework\system\Commands\Server\rewrite.php(43): require_once('C:\\xampp\\htdocs...')
#10 {main}
CRITICAL - 2022-05-20 04:02:15 --> Invalid argument supplied for foreach()
#0 C:\xampp\htdocs\puskessoscgt\app\Views\kis\DataUsulan.php(68): CodeIgniter\Debug\Exceptions->errorHandler(2, 'Invalid argumen...', 'C:\\xampp\\htdocs...', 68, Array)
#1 C:\xampp\htdocs\puskessoscgt\vendor\codeigniter4\framework\system\View\View.php(210): include('C:\\xampp\\htdocs...')
#2 C:\xampp\htdocs\puskessoscgt\vendor\codeigniter4\framework\system\View\View.php(213): CodeIgniter\View\View->CodeIgniter\View\{closure}()
#3 C:\xampp\htdocs\puskessoscgt\vendor\codeigniter4\framework\system\Common.php(1089): CodeIgniter\View\View->render('kis/DataUsulan', Array, true)
#4 C:\xampp\htdocs\puskessoscgt\app\Controllers\Kis.php(101): view('kis/DataUsulan', Array)
#5 C:\xampp\htdocs\puskessoscgt\vendor\codeigniter4\framework\system\CodeIgniter.php(832): App\Controllers\Kis->usul()
#6 C:\xampp\htdocs\puskessoscgt\vendor\codeigniter4\framework\system\CodeIgniter.php(419): CodeIgniter\CodeIgniter->runController(Object(App\Controllers\Kis))
#7 C:\xampp\htdocs\puskessoscgt\vendor\codeigniter4\framework\system\CodeIgniter.php(326): CodeIgniter\CodeIgniter->handleRequest(NULL, Object(Config\Cache), false)
#8 C:\xampp\htdocs\puskessoscgt\public\index.php(37): CodeIgniter\CodeIgniter->run()
#9 C:\xampp\htdocs\puskessoscgt\vendor\codeigniter4\framework\system\Commands\Server\rewrite.php(43): require_once('C:\\xampp\\htdocs...')
#10 {main}
ERROR - 2022-05-20 04:08:17 --> Unknown column 'users.id' in 'field list'
CRITICAL - 2022-05-20 04:08:17 --> Unknown column 'users.id' in 'field list'
#0 C:\xampp\htdocs\puskessoscgt\vendor\codeigniter4\framework\system\Database\MySQLi\Connection.php(292): mysqli->query('SELECT `users`....', 0)
#1 C:\xampp\htdocs\puskessoscgt\vendor\codeigniter4\framework\system\Database\BaseConnection.php(670): CodeIgniter\Database\MySQLi\Connection->execute('SELECT `users`....')
#2 C:\xampp\htdocs\puskessoscgt\vendor\codeigniter4\framework\system\Database\BaseConnection.php(598): CodeIgniter\Database\BaseConnection->simpleQuery('SELECT `users`....')
#3 C:\xampp\htdocs\puskessoscgt\vendor\codeigniter4\framework\system\Database\BaseBuilder.php(1455): CodeIgniter\Database\BaseConnection->query('SELECT `users`....', Array, false)
#4 C:\xampp\htdocs\puskessoscgt\app\Controllers\Kis.php(115): CodeIgniter\Database\BaseBuilder->get()
#5 C:\xampp\htdocs\puskessoscgt\vendor\codeigniter4\framework\system\CodeIgniter.php(832): App\Controllers\Kis->cek_usul()
#6 C:\xampp\htdocs\puskessoscgt\vendor\codeigniter4\framework\system\CodeIgniter.php(419): CodeIgniter\CodeIgniter->runController(Object(App\Controllers\Kis))
#7 C:\xampp\htdocs\puskessoscgt\vendor\codeigniter4\framework\system\CodeIgniter.php(326): CodeIgniter\CodeIgniter->handleRequest(NULL, Object(Config\Cache), false)
#8 C:\xampp\htdocs\puskessoscgt\public\index.php(37): CodeIgniter\CodeIgniter->run()
#9 C:\xampp\htdocs\puskessoscgt\vendor\codeigniter4\framework\system\Commands\Server\rewrite.php(43): require_once('C:\\xampp\\htdocs...')
#10 {main}
CRITICAL - 2022-05-20 04:10:40 --> Cannot use object of type stdClass as array
#0 C:\xampp\htdocs\puskessoscgt\vendor\codeigniter4\framework\system\View\View.php(210): include()
#1 C:\xampp\htdocs\puskessoscgt\vendor\codeigniter4\framework\system\View\View.php(213): CodeIgniter\View\View->CodeIgniter\View\{closure}()
#2 C:\xampp\htdocs\puskessoscgt\vendor\codeigniter4\framework\system\Common.php(1089): CodeIgniter\View\View->render('kis/DataUsulan', Array, true)
#3 C:\xampp\htdocs\puskessoscgt\app\Controllers\Kis.php(118): view('kis/DataUsulan', Array)
#4 C:\xampp\htdocs\puskessoscgt\vendor\codeigniter4\framework\system\CodeIgniter.php(832): App\Controllers\Kis->cek_usul()
#5 C:\xampp\htdocs\puskessoscgt\vendor\codeigniter4\framework\system\CodeIgniter.php(419): CodeIgniter\CodeIgniter->runController(Object(App\Controllers\Kis))
#6 C:\xampp\htdocs\puskessoscgt\vendor\codeigniter4\framework\system\CodeIgniter.php(326): CodeIgniter\CodeIgniter->handleRequest(NULL, Object(Config\Cache), false)
#7 C:\xampp\htdocs\puskessoscgt\public\index.php(37): CodeIgniter\CodeIgniter->run()
#8 C:\xampp\htdocs\puskessoscgt\vendor\codeigniter4\framework\system\Commands\Server\rewrite.php(43): require_once('C:\\xampp\\htdocs...')
#9 {main}
CRITICAL - 2022-05-20 04:11:41 --> Cannot use object of type stdClass as array
#0 C:\xampp\htdocs\puskessoscgt\vendor\codeigniter4\framework\system\View\View.php(210): include()
#1 C:\xampp\htdocs\puskessoscgt\vendor\codeigniter4\framework\system\View\View.php(213): CodeIgniter\View\View->CodeIgniter\View\{closure}()
#2 C:\xampp\htdocs\puskessoscgt\vendor\codeigniter4\framework\system\Common.php(1089): CodeIgniter\View\View->render('kis/DataUsulan', Array, true)
#3 C:\xampp\htdocs\puskessoscgt\app\Controllers\Kis.php(118): view('kis/DataUsulan', Array)
#4 C:\xampp\htdocs\puskessoscgt\vendor\codeigniter4\framework\system\CodeIgniter.php(832): App\Controllers\Kis->cek_usul()
#5 C:\xampp\htdocs\puskessoscgt\vendor\codeigniter4\framework\system\CodeIgniter.php(419): CodeIgniter\CodeIgniter->runController(Object(App\Controllers\Kis))
#6 C:\xampp\htdocs\puskessoscgt\vendor\codeigniter4\framework\system\CodeIgniter.php(326): CodeIgniter\CodeIgniter->handleRequest(NULL, Object(Config\Cache), false)
#7 C:\xampp\htdocs\puskessoscgt\public\index.php(37): CodeIgniter\CodeIgniter->run()
#8 C:\xampp\htdocs\puskessoscgt\vendor\codeigniter4\framework\system\Commands\Server\rewrite.php(43): require_once('C:\\xampp\\htdocs...')
#9 {main}
CRITICAL - 2022-05-20 04:13:22 --> Call to a member function toArray() on array
#0 C:\xampp\htdocs\puskessoscgt\vendor\codeigniter4\framework\system\CodeIgniter.php(832): App\Controllers\Kis->cek_usul()
#1 C:\xampp\htdocs\puskessoscgt\vendor\codeigniter4\framework\system\CodeIgniter.php(419): CodeIgniter\CodeIgniter->runController(Object(App\Controllers\Kis))
#2 C:\xampp\htdocs\puskessoscgt\vendor\codeigniter4\framework\system\CodeIgniter.php(326): CodeIgniter\CodeIgniter->handleRequest(NULL, Object(Config\Cache), false)
#3 C:\xampp\htdocs\puskessoscgt\public\index.php(37): CodeIgniter\CodeIgniter->run()
#4 C:\xampp\htdocs\puskessoscgt\vendor\codeigniter4\framework\system\Commands\Server\rewrite.php(43): require_once('C:\\xampp\\htdocs...')
#5 {main}
ERROR - 2022-05-20 06:09:00 --> Column 'status' in field list is ambiguous
CRITICAL - 2022-05-20 06:09:00 --> Column 'status' in field list is ambiguous
#0 C:\xampp\htdocs\puskessoscgt\vendor\codeigniter4\framework\system\Database\MySQLi\Connection.php(292): mysqli->query('SELECT `usernam...', 0)
#1 C:\xampp\htdocs\puskessoscgt\vendor\codeigniter4\framework\system\Database\BaseConnection.php(670): CodeIgniter\Database\MySQLi\Connection->execute('SELECT `usernam...')
#2 C:\xampp\htdocs\puskessoscgt\vendor\codeigniter4\framework\system\Database\BaseConnection.php(598): CodeIgniter\Database\BaseConnection->simpleQuery('SELECT `usernam...')
#3 C:\xampp\htdocs\puskessoscgt\vendor\codeigniter4\framework\system\Database\BaseBuilder.php(1455): CodeIgniter\Database\BaseConnection->query('SELECT `usernam...', Array, false)
#4 C:\xampp\htdocs\puskessoscgt\app\Controllers\Kis.php(135): CodeIgniter\Database\BaseBuilder->get()
#5 C:\xampp\htdocs\puskessoscgt\vendor\codeigniter4\framework\system\CodeIgniter.php(832): App\Controllers\Kis->cek_usul()
#6 C:\xampp\htdocs\puskessoscgt\vendor\codeigniter4\framework\system\CodeIgniter.php(419): CodeIgniter\CodeIgniter->runController(Object(App\Controllers\Kis))
#7 C:\xampp\htdocs\puskessoscgt\vendor\codeigniter4\framework\system\CodeIgniter.php(326): CodeIgniter\CodeIgniter->handleRequest(NULL, Object(Config\Cache), false)
#8 C:\xampp\htdocs\puskessoscgt\public\index.php(37): CodeIgniter\CodeIgniter->run()
#9 C:\xampp\htdocs\puskessoscgt\vendor\codeigniter4\framework\system\Commands\Server\rewrite.php(43): require_once('C:\\xampp\\htdocs...')
#10 {main}
ERROR - 2022-05-20 06:10:24 --> Column 'created_at' in where clause is ambiguous
CRITICAL - 2022-05-20 06:10:24 --> Column 'created_at' in where clause is ambiguous
#0 C:\xampp\htdocs\puskessoscgt\vendor\codeigniter4\framework\system\Database\MySQLi\Connection.php(292): mysqli->query('SELECT `usernam...', 0)
#1 C:\xampp\htdocs\puskessoscgt\vendor\codeigniter4\framework\system\Database\BaseConnection.php(670): CodeIgniter\Database\MySQLi\Connection->execute('SELECT `usernam...')
#2 C:\xampp\htdocs\puskessoscgt\vendor\codeigniter4\framework\system\Database\BaseConnection.php(598): CodeIgniter\Database\BaseConnection->simpleQuery('SELECT `usernam...')
#3 C:\xampp\htdocs\puskessoscgt\vendor\codeigniter4\framework\system\Database\BaseBuilder.php(1455): CodeIgniter\Database\BaseConnection->query('SELECT `usernam...', Array, false)
#4 C:\xampp\htdocs\puskessoscgt\app\Controllers\Kis.php(135): CodeIgniter\Database\BaseBuilder->get()
#5 C:\xampp\htdocs\puskessoscgt\vendor\codeigniter4\framework\system\CodeIgniter.php(832): App\Controllers\Kis->cek_usul()
#6 C:\xampp\htdocs\puskessoscgt\vendor\codeigniter4\framework\system\CodeIgniter.php(419): CodeIgniter\CodeIgniter->runController(Object(App\Controllers\Kis))
#7 C:\xampp\htdocs\puskessoscgt\vendor\codeigniter4\framework\system\CodeIgniter.php(326): CodeIgniter\CodeIgniter->handleRequest(NULL, Object(Config\Cache), false)
#8 C:\xampp\htdocs\puskessoscgt\public\index.php(37): CodeIgniter\CodeIgniter->run()
#9 C:\xampp\htdocs\puskessoscgt\vendor\codeigniter4\framework\system\Commands\Server\rewrite.php(43): require_once('C:\\xampp\\htdocs...')
#10 {main}
ERROR - 2022-05-20 06:18:59 --> You have an error in your SQL syntax; check the manual that corresponds to your MariaDB server version for the right syntax to use near 'IS NULL
AND `usul_kis`.`created_at` < IS NULL' at line 4
CRITICAL - 2022-05-20 06:18:59 --> You have an error in your SQL syntax; check the manual that corresponds to your MariaDB server version for the right syntax to use near 'IS NULL
AND `usul_kis`.`created_at` < IS NULL' at line 4
#0 C:\xampp\htdocs\puskessoscgt\vendor\codeigniter4\framework\system\Database\MySQLi\Connection.php(292): mysqli->query('SELECT `usernam...', 0)
#1 C:\xampp\htdocs\puskessoscgt\vendor\codeigniter4\framework\system\Database\BaseConnection.php(670): CodeIgniter\Database\MySQLi\Connection->execute('SELECT `usernam...')
#2 C:\xampp\htdocs\puskessoscgt\vendor\codeigniter4\framework\system\Database\BaseConnection.php(598): CodeIgniter\Database\BaseConnection->simpleQuery('SELECT `usernam...')
#3 C:\xampp\htdocs\puskessoscgt\vendor\codeigniter4\framework\system\Database\BaseBuilder.php(1455): CodeIgniter\Database\BaseConnection->query('SELECT `usernam...', Array, false)
#4 C:\xampp\htdocs\puskessoscgt\app\Controllers\Kis.php(135): CodeIgniter\Database\BaseBuilder->get()
#5 C:\xampp\htdocs\puskessoscgt\vendor\codeigniter4\framework\system\CodeIgniter.php(832): App\Controllers\Kis->cek_usul()
#6 C:\xampp\htdocs\puskessoscgt\vendor\codeigniter4\framework\system\CodeIgniter.php(419): CodeIgniter\CodeIgniter->runController(Object(App\Controllers\Kis))
#7 C:\xampp\htdocs\puskessoscgt\vendor\codeigniter4\framework\system\CodeIgniter.php(326): CodeIgniter\CodeIgniter->handleRequest(NULL, Object(Config\Cache), false)
#8 C:\xampp\htdocs\puskessoscgt\public\index.php(37): CodeIgniter\CodeIgniter->run()
#9 C:\xampp\htdocs\puskessoscgt\vendor\codeigniter4\framework\system\Commands\Server\rewrite.php(43): require_once('C:\\xampp\\htdocs...')
#10 {main}
CRITICAL - 2022-05-20 06:23:07 --> You do not have sufficient permissions to access that page.
#0 C:\xampp\htdocs\puskessoscgt\vendor\codeigniter4\framework\system\Filters\Filters.php(173): Myth\Auth\Filters\RoleFilter->before(Object(CodeIgniter\HTTP\IncomingRequest), Array)
#1 C:\xampp\htdocs\puskessoscgt\vendor\codeigniter4\framework\system\CodeIgniter.php(393): CodeIgniter\Filters\Filters->run('adm', 'before')
#2 C:\xampp\htdocs\puskessoscgt\vendor\codeigniter4\framework\system\CodeIgniter.php(326): CodeIgniter\CodeIgniter->handleRequest(NULL, Object(Config\Cache), false)
#3 C:\xampp\htdocs\puskessoscgt\public\index.php(37): CodeIgniter\CodeIgniter->run()
#4 C:\xampp\htdocs\puskessoscgt\vendor\codeigniter4\framework\system\Commands\Server\rewrite.php(43): require_once('C:\\xampp\\htdocs...')
#5 {main}
CRITICAL - 2022-05-20 06:36:40 --> Undefined variable: user
#0 C:\xampp\htdocs\puskessoscgt\app\Views\kis\DataUsulan.php(85): CodeIgniter\Debug\Exceptions->errorHandler(8, 'Undefined varia...', 'C:\\xampp\\htdocs...', 85, Array)
#1 C:\xampp\htdocs\puskessoscgt\vendor\codeigniter4\framework\system\View\View.php(210): include('C:\\xampp\\htdocs...')
#2 C:\xampp\htdocs\puskessoscgt\vendor\codeigniter4\framework\system\View\View.php(213): CodeIgniter\View\View->CodeIgniter\View\{closure}()
#3 C:\xampp\htdocs\puskessoscgt\vendor\codeigniter4\framework\system\Common.php(1089): CodeIgniter\View\View->render('kis/DataUsulan', Array, true)
#4 C:\xampp\htdocs\puskessoscgt\app\Controllers\Kis.php(137): view('kis/DataUsulan', Array)
#5 C:\xampp\htdocs\puskessoscgt\vendor\codeigniter4\framework\system\CodeIgniter.php(832): App\Controllers\Kis->cek_usul()
#6 C:\xampp\htdocs\puskessoscgt\vendor\codeigniter4\framework\system\CodeIgniter.php(419): CodeIgniter\CodeIgniter->runController(Object(App\Controllers\Kis))
#7 C:\xampp\htdocs\puskessoscgt\vendor\codeigniter4\framework\system\CodeIgniter.php(326): CodeIgniter\CodeIgniter->handleRequest(NULL, Object(Config\Cache), false)
#8 C:\xampp\htdocs\puskessoscgt\public\index.php(37): CodeIgniter\CodeIgniter->run()
#9 C:\xampp\htdocs\puskessoscgt\vendor\codeigniter4\framework\system\Commands\Server\rewrite.php(43): require_once('C:\\xampp\\htdocs...')
#10 {main}
CRITICAL - 2022-05-20 07:20:34 --> Undefined offset: 13
#0 C:\xampp\htdocs\puskessoscgt\app\Controllers\Kis.php(105): CodeIgniter\Debug\Exceptions->errorHandler(8, 'Undefined offse...', 'C:\\xampp\\htdocs...', 105, Array)
#1 C:\xampp\htdocs\puskessoscgt\vendor\codeigniter4\framework\system\CodeIgniter.php(832): App\Controllers\Kis->import()
#2 C:\xampp\htdocs\puskessoscgt\vendor\codeigniter4\framework\system\CodeIgniter.php(419): CodeIgniter\CodeIgniter->runController(Object(App\Controllers\Kis))
#3 C:\xampp\htdocs\puskessoscgt\vendor\codeigniter4\framework\system\CodeIgniter.php(326): CodeIgniter\CodeIgniter->handleRequest(NULL, Object(Config\Cache), false)
#4 C:\xampp\htdocs\puskessoscgt\public\index.php(37): CodeIgniter\CodeIgniter->run()
#5 C:\xampp\htdocs\puskessoscgt\vendor\codeigniter4\framework\system\Commands\Server\rewrite.php(43): require_once('C:\\xampp\\htdocs...')
#6 {main}
